#
# There is insufficient memory for the Java Runtime Environment to continue.
# Native memory allocation (malloc) failed to allocate 158096 bytes for Chunk::new
# Possible reasons:
#   The system is out of physical RAM or swap space
#   The process is running with CompressedOops enabled, and the Java Heap may be blocking the growth of the native heap
# Possible solutions:
#   Reduce memory load on the system
#   Increase physical memory or swap space
#   Check if swap backing store is full
#   Decrease Java heap size (-Xmx/-Xms)
#   Decrease number of Java threads
#   Decrease Java thread stack sizes (-Xss)
#   Set larger code cache with -XX:ReservedCodeCacheSize=
#   JVM is running with Unscaled Compressed Oops mode in which the Java heap is
#     placed in the first 4GB address space. The Java Heap base address is the
#     maximum limit for the native heap growth. Please use -XX:HeapBaseMinAddress
#     to set the Java Heap base and to place the Java Heap above 4GB virtual address.
# This output file may be truncated or incomplete.
#
#  Out of Memory Error (allocation.cpp:389), pid=10980, tid=0x0000000000002674
#
# JRE version: OpenJDK Runtime Environment (8.0_302-b08) (build 1.8.0_302-b08)
# Java VM: OpenJDK 64-Bit Server VM (25.302-b08 mixed mode windows-amd64 compressed oops)
# Failed to write core dump. Minidumps are not enabled by default on client versions of Windows
#

---------------  T H R E A D  ---------------

Current thread (0x0000026dc79f1000):  JavaThread "C2 CompilerThread0" daemon [_thread_in_native, id=9844, stack(0x000000a6f1000000,0x000000a6f1100000)]

Stack: [0x000000a6f1000000,0x000000a6f1100000]
[error occurred during error reporting (printing stack bounds), id 0xc0000005]

Native frames: (J=compiled Java code, j=interpreted, Vv=VM code, C=native code)


Current CompileTask:
C2:   1210  768       4       sun.misc.URLClassPath::getResource (83 bytes)


---------------  P R O C E S S  ---------------

Java Threads: ( => current thread )
  0x0000026dc7f5b000 JavaThread "background-preinit" [_thread_in_vm, id=10952, stack(0x000000a6f1400000,0x000000a6f1500000)]
  0x0000026dc7a8e800 JavaThread "Service Thread" daemon [_thread_blocked, id=8088, stack(0x000000a6f1200000,0x000000a6f1300000)]
  0x0000026dc79f8000 JavaThread "C1 CompilerThread1" daemon [_thread_blocked, id=8, stack(0x000000a6f1100000,0x000000a6f1200000)]
=>0x0000026dc79f1000 JavaThread "C2 CompilerThread0" daemon [_thread_in_native, id=9844, stack(0x000000a6f1000000,0x000000a6f1100000)]
  0x0000026dc797f000 JavaThread "Monitor Ctrl-Break" daemon [_thread_in_native, id=8820, stack(0x000000a6f0f00000,0x000000a6f1000000)]
  0x0000026dc6fdf000 JavaThread "Attach Listener" daemon [_thread_blocked, id=4868, stack(0x000000a6f0e00000,0x000000a6f0f00000)]
  0x0000026dc6fda800 JavaThread "Signal Dispatcher" daemon [_thread_blocked, id=9232, stack(0x000000a6f0d00000,0x000000a6f0e00000)]
  0x0000026dc6fa7800 JavaThread "Finalizer" daemon [_thread_blocked, id=10916, stack(0x000000a6f0c00000,0x000000a6f0d00000)]
  0x0000026dc6fa6000 JavaThread "Reference Handler" daemon [_thread_blocked, id=7836, stack(0x000000a6f0b00000,0x000000a6f0c00000)]
  0x0000026db2ef8800 JavaThread "main" [_thread_in_vm, id=9400, stack(0x000000a6f0700000,0x000000a6f0800000)]

Other Threads:
  0x0000026dc6ad7000 VMThread [stack: 0x000000a6f0a00000,0x000000a6f0b00000] [id=2608]
  0x0000026dc7a97000 WatcherThread [stack: 0x000000a6f1300000,0x000000a6f1400000] [id=10984]

VM state:not at safepoint (normal execution)

VM Mutex/Monitor currently owned by a thread: None

heap address: 0x00000000c0000000, size: 1024 MB, Compressed Oops mode: 32-bit
Narrow klass base: 0x0000000000000000, Narrow klass shift: 3
Compressed class space size: 1073741824 Address: 0x0000000100000000

Heap:
 PSYoungGen      total 18944K, used 9640K [0x00000000eab00000, 0x00000000ed000000, 0x0000000100000000)
  eden space 16384K, 43% used [0x00000000eab00000,0x00000000eb1f1820,0x00000000ebb00000)
  from space 2560K, 98% used [0x00000000ebd80000,0x00000000ebff8ac8,0x00000000ec000000)
  to   space 2560K, 0% used [0x00000000ebb00000,0x00000000ebb00000,0x00000000ebd80000)
 ParOldGen       total 44032K, used 769K [0x00000000c0000000, 0x00000000c2b00000, 0x00000000eab00000)
  object space 44032K, 1% used [0x00000000c0000000,0x00000000c00c0768,0x00000000c2b00000)
 Metaspace       used 10101K, capacity 10340K, committed 10496K, reserved 1058816K
  class space    used 1157K, capacity 1226K, committed 1280K, reserved 1048576K

Card table byte_map: [0x0000026dc3c50000,0x0000026dc3e60000] byte_map_base: 0x0000026dc3650000

Marking Bits: (ParMarkBitMap*) 0x0000000066541820
 Begin Bits: [0x0000026dc3fc0000, 0x0000026dc4fc0000)
 End Bits:   [0x0000026dc4fc0000, 0x0000026dc5fc0000)

Polling page: 0x0000026db3230000

CodeCache: size=245760Kb used=3195Kb max_used=3195Kb free=242564Kb
 bounds [0x0000026db4890000, 0x0000026db4bb0000, 0x0000026dc3890000]
 total_blobs=1110 nmethods=791 adapters=232
 compilation: enabled

Compilation events (10 events):
Event: 1.197 Thread 0x0000026dc79f8000  786   !   3       java.lang.StringCoding$StringDecoder::decode (179 bytes)
Event: 1.198 Thread 0x0000026dc79f8000 nmethod 786 0x0000026db4ba8c90 code [0x0000026db4ba8fe0, 0x0000026db4baaca0]
Event: 1.198 Thread 0x0000026dc79f8000  787       3       java.util.jar.Attributes::putValue (17 bytes)
Event: 1.198 Thread 0x0000026dc79f8000 nmethod 787 0x0000026db4babd90 code [0x0000026db4babf20, 0x0000026db4bac340]
Event: 1.204 Thread 0x0000026dc79f8000  788   !   3       java.lang.ClassLoader::checkCerts (195 bytes)
Event: 1.205 Thread 0x0000026dc79f8000 nmethod 788 0x0000026db4bac4d0 code [0x0000026db4bac780, 0x0000026db4badde0]
Event: 1.206 Thread 0x0000026dc79f8000  789       1       ch.qos.logback.classic.Logger::getName (5 bytes)
Event: 1.206 Thread 0x0000026dc79f8000 nmethod 789 0x0000026db4bae790 code [0x0000026db4bae8e0, 0x0000026db4bae9f8]
Event: 1.206 Thread 0x0000026dc79f8000  790  s!   3       java.util.jar.JarFile::ensureInitialization (41 bytes)
Event: 1.206 Thread 0x0000026dc79f8000 nmethod 790 0x0000026db4baea50 code [0x0000026db4baebe0, 0x0000026db4baf070]

GC Heap History (4 events):
Event: 0.802 GC heap before
{Heap before GC invocations=1 (full 0):
 PSYoungGen      total 18944K, used 16384K [0x00000000eab00000, 0x00000000ec000000, 0x0000000100000000)
  eden space 16384K, 100% used [0x00000000eab00000,0x00000000ebb00000,0x00000000ebb00000)
  from space 2560K, 0% used [0x00000000ebd80000,0x00000000ebd80000,0x00000000ec000000)
  to   space 2560K, 0% used [0x00000000ebb00000,0x00000000ebb00000,0x00000000ebd80000)
 ParOldGen       total 44032K, used 0K [0x00000000c0000000, 0x00000000c2b00000, 0x00000000eab00000)
  object space 44032K, 0% used [0x00000000c0000000,0x00000000c0000000,0x00000000c2b00000)
 Metaspace       used 6502K, capacity 6678K, committed 6784K, reserved 1056768K
  class space    used 713K, capacity 801K, committed 896K, reserved 1048576K
Event: 0.807 GC heap after
Heap after GC invocations=1 (full 0):
 PSYoungGen      total 18944K, used 2545K [0x00000000eab00000, 0x00000000ec000000, 0x0000000100000000)
  eden space 16384K, 0% used [0x00000000eab00000,0x00000000eab00000,0x00000000ebb00000)
  from space 2560K, 99% used [0x00000000ebb00000,0x00000000ebd7c458,0x00000000ebd80000)
  to   space 2560K, 0% used [0x00000000ebd80000,0x00000000ebd80000,0x00000000ec000000)
 ParOldGen       total 44032K, used 42K [0x00000000c0000000, 0x00000000c2b00000, 0x00000000eab00000)
  object space 44032K, 0% used [0x00000000c0000000,0x00000000c000ab08,0x00000000c2b00000)
 Metaspace       used 6502K, capacity 6678K, committed 6784K, reserved 1056768K
  class space    used 713K, capacity 801K, committed 896K, reserved 1048576K
}
Event: 1.096 GC heap before
{Heap before GC invocations=2 (full 0):
 PSYoungGen      total 18944K, used 18929K [0x00000000eab00000, 0x00000000ec000000, 0x0000000100000000)
  eden space 16384K, 100% used [0x00000000eab00000,0x00000000ebb00000,0x00000000ebb00000)
  from space 2560K, 99% used [0x00000000ebb00000,0x00000000ebd7c458,0x00000000ebd80000)
  to   space 2560K, 0% used [0x00000000ebd80000,0x00000000ebd80000,0x00000000ec000000)
 ParOldGen       total 44032K, used 42K [0x00000000c0000000, 0x00000000c2b00000, 0x00000000eab00000)
  object space 44032K, 0% used [0x00000000c0000000,0x00000000c000ab08,0x00000000c2b00000)
 Metaspace       used 9033K, capacity 9236K, committed 9344K, reserved 1056768K
  class space    used 1041K, capacity 1118K, committed 1152K, reserved 1048576K
Event: 1.102 GC heap after
Heap after GC invocations=2 (full 0):
 PSYoungGen      total 18944K, used 2530K [0x00000000eab00000, 0x00000000ed000000, 0x0000000100000000)
  eden space 16384K, 0% used [0x00000000eab00000,0x00000000eab00000,0x00000000ebb00000)
  from space 2560K, 98% used [0x00000000ebd80000,0x00000000ebff8ac8,0x00000000ec000000)
  to   space 2560K, 0% used [0x00000000ebb00000,0x00000000ebb00000,0x00000000ebd80000)
 ParOldGen       total 44032K, used 769K [0x00000000c0000000, 0x00000000c2b00000, 0x00000000eab00000)
  object space 44032K, 1% used [0x00000000c0000000,0x00000000c00c0768,0x00000000c2b00000)
 Metaspace       used 9033K, capacity 9236K, committed 9344K, reserved 1056768K
  class space    used 1041K, capacity 1118K, committed 1152K, reserved 1048576K
}

Deoptimization events (3 events):
Event: 0.496 Thread 0x0000026db2ef8800 Uncommon trap: reason=null_check action=make_not_entrant pc=0x0000026db49967b8 method=java.lang.String.equals(Ljava/lang/Object;)Z @ 8
Event: 1.001 Thread 0x0000026db2ef8800 Uncommon trap: reason=unstable_if action=reinterpret pc=0x0000026db4a44cac method=java.lang.String.indexOf([CII[CIII)I @ 3
Event: 1.042 Thread 0x0000026dc7f5b000 Uncommon trap: reason=range_check action=make_not_entrant pc=0x0000026db4b3ade0 method=sun.reflect.generics.parser.SignatureParser.current()C @ 34

Classes redefined (0 events):
No events

Internal exceptions (10 events):
Event: 1.051 Thread 0x0000026dc7f5b000 Exception <a 'java/lang/ArrayIndexOutOfBoundsException'> (0x00000000eb7eb958) thrown at [C:\wsjdk\Corretto8Src\installers\windows\zip\corretto-build\buildRoot\src\hotspot\src\share\vm\runtime\sharedRuntime.cpp, line 609]
Event: 1.052 Thread 0x0000026dc7f5b000 Exception <a 'java/lang/ArrayIndexOutOfBoundsException'> (0x00000000eb7edc80) thrown at [C:\wsjdk\Corretto8Src\installers\windows\zip\corretto-build\buildRoot\src\hotspot\src\share\vm\runtime\sharedRuntime.cpp, line 609]
Event: 1.053 Thread 0x0000026dc7f5b000 Exception <a 'java/lang/ArrayIndexOutOfBoundsException'> (0x00000000eb7fce98) thrown at [C:\wsjdk\Corretto8Src\installers\windows\zip\corretto-build\buildRoot\src\hotspot\src\share\vm\runtime\sharedRuntime.cpp, line 609]
Event: 1.054 Thread 0x0000026dc7f5b000 Exception <a 'java/lang/ArrayIndexOutOfBoundsException'> (0x00000000eb80b6f0) thrown at [C:\wsjdk\Corretto8Src\installers\windows\zip\corretto-build\buildRoot\src\hotspot\src\share\vm\runtime\sharedRuntime.cpp, line 609]
Event: 1.055 Thread 0x0000026dc7f5b000 Exception <a 'java/lang/ArrayIndexOutOfBoundsException'> (0x00000000eb819698) thrown at [C:\wsjdk\Corretto8Src\installers\windows\zip\corretto-build\buildRoot\src\hotspot\src\share\vm\runtime\sharedRuntime.cpp, line 609]
Event: 1.056 Thread 0x0000026dc7f5b000 Exception <a 'java/lang/ArrayIndexOutOfBoundsException'> (0x00000000eb8275c8) thrown at [C:\wsjdk\Corretto8Src\installers\windows\zip\corretto-build\buildRoot\src\hotspot\src\share\vm\runtime\sharedRuntime.cpp, line 609]
Event: 1.058 Thread 0x0000026dc7f5b000 Exception <a 'java/lang/ArrayIndexOutOfBoundsException'> (0x00000000eb8355a0) thrown at [C:\wsjdk\Corretto8Src\installers\windows\zip\corretto-build\buildRoot\src\hotspot\src\share\vm\runtime\sharedRuntime.cpp, line 609]
Event: 1.059 Thread 0x0000026dc7f5b000 Exception <a 'java/lang/ArrayIndexOutOfBoundsException'> (0x00000000eb844b70) thrown at [C:\wsjdk\Corretto8Src\installers\windows\zip\corretto-build\buildRoot\src\hotspot\src\share\vm\runtime\sharedRuntime.cpp, line 609]
Event: 1.059 Thread 0x0000026dc7f5b000 Exception <a 'java/lang/ArrayIndexOutOfBoundsException'> (0x00000000eb853df8) thrown at [C:\wsjdk\Corretto8Src\installers\windows\zip\corretto-build\buildRoot\src\hotspot\src\share\vm\runtime\sharedRuntime.cpp, line 609]
Event: 1.179 Thread 0x0000026dc7f5b000 Exception <a 'java/lang/NoClassDefFoundError': javax/validation/Validation> (0x00000000ead9b080) thrown at [C:\wsjdk\Corretto8Src\installers\windows\zip\corretto-build\buildRoot\src\hotspot\src\share\vm\classfile\systemDictionary.cpp, line 206]

Events (10 events):
Event: 1.202 loading class org/springframework/http/converter/ByteArrayHttpMessageConverter
Event: 1.202 loading class org/springframework/http/converter/ByteArrayHttpMessageConverter done
Event: 1.203 loading class org/springframework/http/converter/AbstractHttpMessageConverter
Event: 1.203 loading class org/springframework/http/converter/AbstractHttpMessageConverter done
Event: 1.204 loading class org/springframework/http/HttpLogging
Event: 1.204 loading class org/springframework/http/HttpLogging done
Event: 1.206 loading class org/springframework/core/log/LogDelegateFactory
Event: 1.206 loading class org/springframework/core/log/LogDelegateFactory done
Event: 1.207 loading class org/springframework/core/log/CompositeLog
Event: 1.207 loading class org/springframework/core/log/CompositeLog done


Dynamic libraries:
0x00007ff72ed40000 - 0x00007ff72ed7a000 	C:\Users\dinhph\.jdks\corretto-1.8.0_302\bin\java.exe
0x00007ffeb2db0000 - 0x00007ffeb2fa5000 	C:\Windows\SYSTEM32\ntdll.dll
0x00007ffeb2330000 - 0x00007ffeb23ee000 	C:\Windows\System32\KERNEL32.DLL
0x00007ffeb08e0000 - 0x00007ffeb0ba9000 	C:\Windows\System32\KERNELBASE.dll
0x00007ffeb0fe0000 - 0x00007ffeb108c000 	C:\Windows\System32\ADVAPI32.dll
0x00007ffeb21b0000 - 0x00007ffeb224e000 	C:\Windows\System32\msvcrt.dll
0x00007ffeb1f80000 - 0x00007ffeb201b000 	C:\Windows\System32\sechost.dll
0x00007ffeb1320000 - 0x00007ffeb144a000 	C:\Windows\System32\RPCRT4.dll
0x00007ffeb0e00000 - 0x00007ffeb0fa1000 	C:\Windows\System32\USER32.dll
0x00007ffeb0570000 - 0x00007ffeb0592000 	C:\Windows\System32\win32u.dll
0x00007ffeb0fb0000 - 0x00007ffeb0fdb000 	C:\Windows\System32\GDI32.dll
0x00007ffeb0bb0000 - 0x00007ffeb0cbb000 	C:\Windows\System32\gdi32full.dll
0x00007ffeb04d0000 - 0x00007ffeb056d000 	C:\Windows\System32\msvcp_win.dll
0x00007ffeb07e0000 - 0x00007ffeb08e0000 	C:\Windows\System32\ucrtbase.dll
0x00007ffe8eea0000 - 0x00007ffe8f13a000 	C:\Windows\WinSxS\amd64_microsoft.windows.common-controls_6595b64144ccf1df_6.0.19041.1110_none_60b5254171f9507e\COMCTL32.dll
0x00007ffeb12f0000 - 0x00007ffeb1320000 	C:\Windows\System32\IMM32.DLL
0x00007ffea7e60000 - 0x00007ffea7f4f000 	C:\Users\dinhph\.jdks\corretto-1.8.0_302\jre\bin\msvcr120.dll
0x00007ffea7db0000 - 0x00007ffea7e56000 	C:\Users\dinhph\.jdks\corretto-1.8.0_302\jre\bin\msvcp120.dll
0x0000000065d50000 - 0x00000000665c0000 	C:\Users\dinhph\.jdks\corretto-1.8.0_302\jre\bin\server\jvm.dll
0x00007ffeb19d0000 - 0x00007ffeb19d8000 	C:\Windows\System32\PSAPI.DLL
0x00007ffeaa630000 - 0x00007ffeaa639000 	C:\Windows\SYSTEM32\WSOCK32.dll
0x00007ffeb23f0000 - 0x00007ffeb245b000 	C:\Windows\System32\WS2_32.dll
0x00007ffe7f560000 - 0x00007ffe7f587000 	C:\Windows\SYSTEM32\WINMM.dll
0x00007ffea3410000 - 0x00007ffea341a000 	C:\Windows\SYSTEM32\VERSION.dll
0x00007ffeae240000 - 0x00007ffeae24f000 	C:\Users\dinhph\.jdks\corretto-1.8.0_302\jre\bin\verify.dll
0x00007ffeaa110000 - 0x00007ffeaa139000 	C:\Users\dinhph\.jdks\corretto-1.8.0_302\jre\bin\java.dll
0x00007ffea7c70000 - 0x00007ffea7c9a000 	C:\Users\dinhph\.jdks\corretto-1.8.0_302\jre\bin\instrument.dll
0x00007ffeadce0000 - 0x00007ffeadcf6000 	C:\Users\dinhph\.jdks\corretto-1.8.0_302\jre\bin\zip.dll
0x00007ffeb2630000 - 0x00007ffeb2d6f000 	C:\Windows\System32\SHELL32.dll
0x00007ffeae5f0000 - 0x00007ffeaed80000 	C:\Windows\SYSTEM32\windows.storage.dll
0x00007ffeb14c0000 - 0x00007ffeb1815000 	C:\Windows\System32\combase.dll
0x00007ffeafe50000 - 0x00007ffeafe7c000 	C:\Windows\SYSTEM32\Wldp.dll
0x00007ffeb1240000 - 0x00007ffeb12ee000 	C:\Windows\System32\SHCORE.dll
0x00007ffeb25d0000 - 0x00007ffeb2625000 	C:\Windows\System32\shlwapi.dll
0x00007ffeb0410000 - 0x00007ffeb042f000 	C:\Windows\SYSTEM32\profapi.dll
0x00007ffea94f0000 - 0x00007ffea950a000 	C:\Program Files\JetBrains\IntelliJ IDEA 2021.2.2\bin\breakgen64.dll
0x00007ffeaa0f0000 - 0x00007ffeaa10a000 	C:\Users\dinhph\.jdks\corretto-1.8.0_302\jre\bin\net.dll
0x00007ffeafbb0000 - 0x00007ffeafc1a000 	C:\Windows\system32\mswsock.dll

VM Arguments:
jvm_args: -javaagent:C:\Program Files\JetBrains\IntelliJ IDEA 2021.2.2\lib\idea_rt.jar=58856:C:\Program Files\JetBrains\IntelliJ IDEA 2021.2.2\bin -Dfile.encoding=UTF-8 
java_command: com.example.demo.DemoApplication
java_class_path (initial): C:\Users\dinhph\.jdks\corretto-1.8.0_302\jre\lib\charsets.jar;C:\Users\dinhph\.jdks\corretto-1.8.0_302\jre\lib\ext\access-bridge-64.jar;C:\Users\dinhph\.jdks\corretto-1.8.0_302\jre\lib\ext\cldrdata.jar;C:\Users\dinhph\.jdks\corretto-1.8.0_302\jre\lib\ext\dnsns.jar;C:\Users\dinhph\.jdks\corretto-1.8.0_302\jre\lib\ext\jaccess.jar;C:\Users\dinhph\.jdks\corretto-1.8.0_302\jre\lib\ext\jfxrt.jar;C:\Users\dinhph\.jdks\corretto-1.8.0_302\jre\lib\ext\localedata.jar;C:\Users\dinhph\.jdks\corretto-1.8.0_302\jre\lib\ext\nashorn.jar;C:\Users\dinhph\.jdks\corretto-1.8.0_302\jre\lib\ext\sunec.jar;C:\Users\dinhph\.jdks\corretto-1.8.0_302\jre\lib\ext\sunjce_provider.jar;C:\Users\dinhph\.jdks\corretto-1.8.0_302\jre\lib\ext\sunmscapi.jar;C:\Users\dinhph\.jdks\corretto-1.8.0_302\jre\lib\ext\sunpkcs11.jar;C:\Users\dinhph\.jdks\corretto-1.8.0_302\jre\lib\ext\zipfs.jar;C:\Users\dinhph\.jdks\corretto-1.8.0_302\jre\lib\jce.jar;C:\Users\dinhph\.jdks\corretto-1.8.0_302\jre\lib\jfr.jar;C:\Users\dinhph\.jdks\corretto-1.8.0_302\jre\lib\jfxswt.jar;C:\Users\dinhph\.jdks\corretto-1.8.0_302\jre\lib\jsse.jar;C:\Users\dinhph\.jdks\corretto-1.8.0_302\jre\lib\management-agent.jar;C:\Users\dinhph\.jdks\corretto-1.8.0_302\jre\lib\resources.jar;C:\Users\dinhph\.jdks\corretto-1.8.0_302\jre\lib\rt.jar;C:\Users\dinhph\Desktop\quickstart-spring-data-jpa-sql-server-master\target\classes;C:\Users\dinhph\.m2\repository\org\springframework\boot\spring-boot-starter-data-jpa\2.3.1.RELEASE\spring-boot-starter-data-jpa-2.3.1.RELEASE.jar;C:\Users\dinhph\.m2\repository\org\springframework\boot\spring-boot-starter-aop\2.3.1.RELEASE\spring-boot-starter-aop-2.3.1.RELEASE.jar;C:\Users\dinhph\.m2\repository\org\springframework\spring-aop\5.2.7.RELEASE\spring-aop-5.2.7.RELEASE.jar;C:\Users\dinhph\.m2\repository\org\aspectj\aspectjweaver\1.9.5\aspectjweaver-1.9.5.jar;C:\Users\dinhph\.m2\repository\org\springframework\boot\spring-boot-starter-jdbc\2.3.1.RELEASE\spring-boot-starter-jdbc-2.3.1.RELEASE
Launcher Type: SUN_STANDARD

Environment Variables:
PATH=C:\Windows\system32;C:\Windows;C:\Windows\System32\Wbem;C:\Windows\System32\WindowsPowerShell\v1.0\;C:\Windows\System32\OpenSSH\;C:\Program Files (x86)\Microsoft SQL Server\150\DTS\Binn\;C:\Program Files\Azure Data Studio\bin;C:\Users\dinhph\AppData\Local\Microsoft\WindowsApps;;C:\Program Files\Azure Data Studio\bin
USERNAME=dinhph
OS=Windows_NT
PROCESSOR_IDENTIFIER=Intel64 Family 6 Model 63 Stepping 2, GenuineIntel



---------------  S Y S T E M  ---------------

OS: Windows 10.0 , 64 bit Build 19041 (10.0.19041.1202)

CPU:total 2 (initial active 2) (2 cores per cpu, 1 threads per core) family 6 model 63 stepping 2, cmov, cx8, fxsr, mmx, sse, sse2, sse3, ssse3, sse4.1, sse4.2, popcnt, avx, avx2, aes, clmul, erms, lzcnt, tsc, bmi1, bmi2

Memory: 4k page, physical 4193224k(510232k free), swap 5241540k(5140k free)

vm_info: OpenJDK 64-Bit Server VM (25.302-b08) for windows-amd64 JRE (1.8.0_302-b08), built on Jul 15 2021 19:37:21 by "Administrator" with MS VC++ 12.0 (VS2013)

time: Fri Sep 17 12:49:50 2021
timezone: Coordinated Universal Time
elapsed time: 1.213197 seconds (0d 0h 0m 1s)

