#
# There is insufficient memory for the Java Runtime Environment to continue.
# Native memory allocation (malloc) failed to allocate 450896 bytes for Chunk::new
# Possible reasons:
#   The system is out of physical RAM or swap space
#   The process is running with CompressedOops enabled, and the Java Heap may be blocking the growth of the native heap
# Possible solutions:
#   Reduce memory load on the system
#   Increase physical memory or swap space
#   Check if swap backing store is full
#   Decrease Java heap size (-Xmx/-Xms)
#   Decrease number of Java threads
#   Decrease Java thread stack sizes (-Xss)
#   Set larger code cache with -XX:ReservedCodeCacheSize=
#   JVM is running with Unscaled Compressed Oops mode in which the Java heap is
#     placed in the first 4GB address space. The Java Heap base address is the
#     maximum limit for the native heap growth. Please use -XX:HeapBaseMinAddress
#     to set the Java Heap base and to place the Java Heap above 4GB virtual address.
# This output file may be truncated or incomplete.
#
#  Out of Memory Error (allocation.cpp:389), pid=11176, tid=0x0000000000002130
#
# JRE version: OpenJDK Runtime Environment (8.0_302-b08) (build 1.8.0_302-b08)
# Java VM: OpenJDK 64-Bit Server VM (25.302-b08 mixed mode windows-amd64 compressed oops)
# Failed to write core dump. Minidumps are not enabled by default on client versions of Windows
#

---------------  T H R E A D  ---------------

Current thread (0x000001e67827e000):  JavaThread "C2 CompilerThread0" daemon [_thread_in_native, id=8496, stack(0x0000004d4f100000,0x0000004d4f200000)]

Stack: [0x0000004d4f100000,0x0000004d4f200000]
[error occurred during error reporting (printing stack bounds), id 0xc0000005]

Native frames: (J=compiled Java code, j=interpreted, Vv=VM code, C=native code)


Current CompileTask:
C2:   3441 1324   !   4       java.net.URL::<init> (543 bytes)


---------------  P R O C E S S  ---------------

Java Threads: ( => current thread )
  0x000001e67831e000 JavaThread "Service Thread" daemon [_thread_blocked, id=6788, stack(0x0000004d4f300000,0x0000004d4f400000)]
  0x000001e6782ce800 JavaThread "C1 CompilerThread1" daemon [_thread_in_native, id=4344, stack(0x0000004d4f200000,0x0000004d4f300000)]
=>0x000001e67827e000 JavaThread "C2 CompilerThread0" daemon [_thread_in_native, id=8496, stack(0x0000004d4f100000,0x0000004d4f200000)]
  0x000001e67827d800 JavaThread "Monitor Ctrl-Break" daemon [_thread_in_native, id=7192, stack(0x0000004d4f000000,0x0000004d4f100000)]
  0x000001e67785d800 JavaThread "Attach Listener" daemon [_thread_blocked, id=1716, stack(0x0000004d4ef00000,0x0000004d4f000000)]
  0x000001e677859000 JavaThread "Signal Dispatcher" daemon [_thread_blocked, id=4452, stack(0x0000004d4ee00000,0x0000004d4ef00000)]
  0x000001e677827800 JavaThread "Finalizer" daemon [_thread_blocked, id=1736, stack(0x0000004d4ed00000,0x0000004d4ee00000)]
  0x000001e677826000 JavaThread "Reference Handler" daemon [_thread_blocked, id=11200, stack(0x0000004d4ec00000,0x0000004d4ed00000)]
  0x000001e663749800 JavaThread "main" [_thread_in_Java, id=4812, stack(0x0000004d4e800000,0x0000004d4e900000)]

Other Threads:
  0x000001e677802800 VMThread [stack: 0x0000004d4eb00000,0x0000004d4ec00000] [id=8804]
  0x000001e67831f000 WatcherThread [stack: 0x0000004d4f400000,0x0000004d4f500000] [id=10300]

VM state:not at safepoint (normal execution)

VM Mutex/Monitor currently owned by a thread: None

heap address: 0x00000000c0000000, size: 1024 MB, Compressed Oops mode: 32-bit
Narrow klass base: 0x0000000000000000, Narrow klass shift: 3
Compressed class space size: 1073741824 Address: 0x0000000100000000

Heap:
 PSYoungGen      total 35328K, used 16449K [0x00000000eab00000, 0x00000000ed000000, 0x0000000100000000)
  eden space 32768K, 42% used [0x00000000eab00000,0x00000000eb898740,0x00000000ecb00000)
  from space 2560K, 98% used [0x00000000ecb00000,0x00000000ecd78020,0x00000000ecd80000)
  to   space 2560K, 0% used [0x00000000ecd80000,0x00000000ecd80000,0x00000000ed000000)
 ParOldGen       total 44032K, used 7615K [0x00000000c0000000, 0x00000000c2b00000, 0x00000000eab00000)
  object space 44032K, 17% used [0x00000000c0000000,0x00000000c076ff20,0x00000000c2b00000)
 Metaspace       used 18320K, capacity 18938K, committed 19200K, reserved 1067008K
  class space    used 2270K, capacity 2445K, committed 2560K, reserved 1048576K

Card table byte_map: [0x000001e6744d0000,0x000001e6746e0000] byte_map_base: 0x000001e673ed0000

Marking Bits: (ParMarkBitMap*) 0x0000000066541820
 Begin Bits: [0x000001e674840000, 0x000001e675840000)
 End Bits:   [0x000001e675840000, 0x000001e676840000)

Polling page: 0x000001e6650e0000

CodeCache: size=245760Kb used=4628Kb max_used=4628Kb free=241131Kb
 bounds [0x000001e665110000, 0x000001e6655a0000, 0x000001e674110000]
 total_blobs=1708 nmethods=1348 adapters=272
 compilation: enabled

Compilation events (10 events):
Event: 3.434 Thread 0x000001e6782ce800 1340       3       sun.reflect.ByteVectorImpl::getLength (7 bytes)
Event: 3.434 Thread 0x000001e6782ce800 nmethod 1340 0x000001e665591150 code [0x000001e6655912a0, 0x000001e6655913f8]
Event: 3.434 Thread 0x000001e6782ce800 1341       3       sun.reflect.ByteVectorImpl::get (26 bytes)
Event: 3.435 Thread 0x000001e6782ce800 nmethod 1341 0x000001e665591490 code [0x000001e665591600, 0x000001e665591830]
Event: 3.436 Thread 0x000001e6782ce800 1342       3       java.lang.Class$MethodArray::<init> (38 bytes)
Event: 3.437 Thread 0x000001e6782ce800 nmethod 1342 0x000001e665591950 code [0x000001e665591ac0, 0x000001e665591e30]
Event: 3.437 Thread 0x000001e6782ce800 1343       3       java.util.Collections$EmptyMap::values (4 bytes)
Event: 3.437 Thread 0x000001e6782ce800 nmethod 1343 0x000001e665591f50 code [0x000001e6655920c0, 0x000001e665592278]
Event: 3.437 Thread 0x000001e6782ce800 1344       3       java.util.Collections$EmptySet::toArray (11 bytes)
Event: 3.437 Thread 0x000001e6782ce800 nmethod 1344 0x000001e665592310 code [0x000001e665592480, 0x000001e665592778]

GC Heap History (10 events):
Event: 1.514 GC heap before
{Heap before GC invocations=1 (full 0):
 PSYoungGen      total 18944K, used 16384K [0x00000000eab00000, 0x00000000ec000000, 0x0000000100000000)
  eden space 16384K, 100% used [0x00000000eab00000,0x00000000ebb00000,0x00000000ebb00000)
  from space 2560K, 0% used [0x00000000ebd80000,0x00000000ebd80000,0x00000000ec000000)
  to   space 2560K, 0% used [0x00000000ebb00000,0x00000000ebb00000,0x00000000ebd80000)
 ParOldGen       total 44032K, used 0K [0x00000000c0000000, 0x00000000c2b00000, 0x00000000eab00000)
  object space 44032K, 0% used [0x00000000c0000000,0x00000000c0000000,0x00000000c2b00000)
 Metaspace       used 6507K, capacity 6742K, committed 7040K, reserved 1056768K
  class space    used 713K, capacity 801K, committed 896K, reserved 1048576K
Event: 1.519 GC heap after
Heap after GC invocations=1 (full 0):
 PSYoungGen      total 18944K, used 2534K [0x00000000eab00000, 0x00000000ec000000, 0x0000000100000000)
  eden space 16384K, 0% used [0x00000000eab00000,0x00000000eab00000,0x00000000ebb00000)
  from space 2560K, 98% used [0x00000000ebb00000,0x00000000ebd79810,0x00000000ebd80000)
  to   space 2560K, 0% used [0x00000000ebd80000,0x00000000ebd80000,0x00000000ec000000)
 ParOldGen       total 44032K, used 48K [0x00000000c0000000, 0x00000000c2b00000, 0x00000000eab00000)
  object space 44032K, 0% used [0x00000000c0000000,0x00000000c000c010,0x00000000c2b00000)
 Metaspace       used 6507K, capacity 6742K, committed 7040K, reserved 1056768K
  class space    used 713K, capacity 801K, committed 896K, reserved 1048576K
}
Event: 1.906 GC heap before
{Heap before GC invocations=2 (full 0):
 PSYoungGen      total 18944K, used 18918K [0x00000000eab00000, 0x00000000ec000000, 0x0000000100000000)
  eden space 16384K, 100% used [0x00000000eab00000,0x00000000ebb00000,0x00000000ebb00000)
  from space 2560K, 98% used [0x00000000ebb00000,0x00000000ebd79810,0x00000000ebd80000)
  to   space 2560K, 0% used [0x00000000ebd80000,0x00000000ebd80000,0x00000000ec000000)
 ParOldGen       total 44032K, used 48K [0x00000000c0000000, 0x00000000c2b00000, 0x00000000eab00000)
  object space 44032K, 0% used [0x00000000c0000000,0x00000000c000c010,0x00000000c2b00000)
 Metaspace       used 9056K, capacity 9294K, committed 9344K, reserved 1056768K
  class space    used 1044K, capacity 1117K, committed 1152K, reserved 1048576K
Event: 1.912 GC heap after
Heap after GC invocations=2 (full 0):
 PSYoungGen      total 18944K, used 2549K [0x00000000eab00000, 0x00000000ec000000, 0x0000000100000000)
  eden space 16384K, 0% used [0x00000000eab00000,0x00000000eab00000,0x00000000ebb00000)
  from space 2560K, 99% used [0x00000000ebd80000,0x00000000ebffd5a8,0x00000000ec000000)
  to   space 2560K, 0% used [0x00000000ebb00000,0x00000000ebb00000,0x00000000ebd80000)
 ParOldGen       total 44032K, used 808K [0x00000000c0000000, 0x00000000c2b00000, 0x00000000eab00000)
  object space 44032K, 1% used [0x00000000c0000000,0x00000000c00ca210,0x00000000c2b00000)
 Metaspace       used 9056K, capacity 9294K, committed 9344K, reserved 1056768K
  class space    used 1044K, capacity 1117K, committed 1152K, reserved 1048576K
}
Event: 2.200 GC heap before
{Heap before GC invocations=3 (full 0):
 PSYoungGen      total 18944K, used 18933K [0x00000000eab00000, 0x00000000ec000000, 0x0000000100000000)
  eden space 16384K, 100% used [0x00000000eab00000,0x00000000ebb00000,0x00000000ebb00000)
  from space 2560K, 99% used [0x00000000ebd80000,0x00000000ebffd5a8,0x00000000ec000000)
  to   space 2560K, 0% used [0x00000000ebb00000,0x00000000ebb00000,0x00000000ebd80000)
 ParOldGen       total 44032K, used 808K [0x00000000c0000000, 0x00000000c2b00000, 0x00000000eab00000)
  object space 44032K, 1% used [0x00000000c0000000,0x00000000c00ca210,0x00000000c2b00000)
 Metaspace       used 11473K, capacity 11786K, committed 12032K, reserved 1060864K
  class space    used 1332K, capacity 1445K, committed 1536K, reserved 1048576K
Event: 2.210 GC heap after
Heap after GC invocations=3 (full 0):
 PSYoungGen      total 18944K, used 2550K [0x00000000eab00000, 0x00000000ed000000, 0x0000000100000000)
  eden space 16384K, 0% used [0x00000000eab00000,0x00000000eab00000,0x00000000ebb00000)
  from space 2560K, 99% used [0x00000000ebb00000,0x00000000ebd7d990,0x00000000ebd80000)
  to   space 2560K, 0% used [0x00000000ecd80000,0x00000000ecd80000,0x00000000ed000000)
 ParOldGen       total 44032K, used 2249K [0x00000000c0000000, 0x00000000c2b00000, 0x00000000eab00000)
  object space 44032K, 5% used [0x00000000c0000000,0x00000000c0232698,0x00000000c2b00000)
 Metaspace       used 11473K, capacity 11786K, committed 12032K, reserved 1060864K
  class space    used 1332K, capacity 1445K, committed 1536K, reserved 1048576K
}
Event: 2.427 GC heap before
{Heap before GC invocations=4 (full 0):
 PSYoungGen      total 18944K, used 18934K [0x00000000eab00000, 0x00000000ed000000, 0x0000000100000000)
  eden space 16384K, 100% used [0x00000000eab00000,0x00000000ebb00000,0x00000000ebb00000)
  from space 2560K, 99% used [0x00000000ebb00000,0x00000000ebd7d990,0x00000000ebd80000)
  to   space 2560K, 0% used [0x00000000ecd80000,0x00000000ecd80000,0x00000000ed000000)
 ParOldGen       total 44032K, used 2249K [0x00000000c0000000, 0x00000000c2b00000, 0x00000000eab00000)
  object space 44032K, 5% used [0x00000000c0000000,0x00000000c0232698,0x00000000c2b00000)
 Metaspace       used 13458K, capacity 13922K, committed 14080K, reserved 1060864K
  class space    used 1554K, capacity 1675K, committed 1792K, reserved 1048576K
Event: 2.434 GC heap after
Heap after GC invocations=4 (full 0):
 PSYoungGen      total 35328K, used 2528K [0x00000000eab00000, 0x00000000ed000000, 0x0000000100000000)
  eden space 32768K, 0% used [0x00000000eab00000,0x00000000eab00000,0x00000000ecb00000)
  from space 2560K, 98% used [0x00000000ecd80000,0x00000000ecff8020,0x00000000ed000000)
  to   space 2560K, 0% used [0x00000000ecb00000,0x00000000ecb00000,0x00000000ecd80000)
 ParOldGen       total 44032K, used 4081K [0x00000000c0000000, 0x00000000c2b00000, 0x00000000eab00000)
  object space 44032K, 9% used [0x00000000c0000000,0x00000000c03fc7a0,0x00000000c2b00000)
 Metaspace       used 13458K, capacity 13922K, committed 14080K, reserved 1060864K
  class space    used 1554K, capacity 1675K, committed 1792K, reserved 1048576K
}
Event: 2.916 GC heap before
{Heap before GC invocations=5 (full 0):
 PSYoungGen      total 35328K, used 35296K [0x00000000eab00000, 0x00000000ed000000, 0x0000000100000000)
  eden space 32768K, 100% used [0x00000000eab00000,0x00000000ecb00000,0x00000000ecb00000)
  from space 2560K, 98% used [0x00000000ecd80000,0x00000000ecff8020,0x00000000ed000000)
  to   space 2560K, 0% used [0x00000000ecb00000,0x00000000ecb00000,0x00000000ecd80000)
 ParOldGen       total 44032K, used 4081K [0x00000000c0000000, 0x00000000c2b00000, 0x00000000eab00000)
  object space 44032K, 9% used [0x00000000c0000000,0x00000000c03fc7a0,0x00000000c2b00000)
 Metaspace       used 16614K, capacity 17170K, committed 17408K, reserved 1064960K
  class space    used 2047K, capacity 2211K, committed 2304K, reserved 1048576K
Event: 2.934 GC heap after
Heap after GC invocations=5 (full 0):
 PSYoungGen      total 35328K, used 2528K [0x00000000eab00000, 0x00000000ed000000, 0x0000000100000000)
  eden space 32768K, 0% used [0x00000000eab00000,0x00000000eab00000,0x00000000ecb00000)
  from space 2560K, 98% used [0x00000000ecb00000,0x00000000ecd78020,0x00000000ecd80000)
  to   space 2560K, 0% used [0x00000000ecd80000,0x00000000ecd80000,0x00000000ed000000)
 ParOldGen       total 44032K, used 7615K [0x00000000c0000000, 0x00000000c2b00000, 0x00000000eab00000)
  object space 44032K, 17% used [0x00000000c0000000,0x00000000c076ff20,0x00000000c2b00000)
 Metaspace       used 16614K, capacity 17170K, committed 17408K, reserved 1064960K
  class space    used 2047K, capacity 2211K, committed 2304K, reserved 1048576K
}

Deoptimization events (10 events):
Event: 1.877 Thread 0x000001e678586800 Uncommon trap: reason=range_check action=make_not_entrant pc=0x000001e6653f73a0 method=sun.reflect.generics.parser.SignatureParser.current()C @ 34
Event: 2.586 Thread 0x000001e678586800 Uncommon trap: reason=unstable_if action=reinterpret pc=0x000001e66548c5a4 method=jdk.internal.org.objectweb.asm.Type.getArgumentsAndReturnSizes(Ljava/lang/String;)I @ 47
Event: 2.805 Thread 0x000001e663749800 Uncommon trap: reason=unstable_if action=reinterpret pc=0x000001e66539099c method=java.util.HashMap.hash(Ljava/lang/Object;)I @ 1
Event: 2.807 Thread 0x000001e663749800 Uncommon trap: reason=unstable_if action=reinterpret pc=0x000001e6653327e8 method=java.util.HashMap.hash(Ljava/lang/Object;)I @ 1
Event: 2.937 Thread 0x000001e663749800 Uncommon trap: reason=unstable_if action=reinterpret pc=0x000001e665457104 method=java.util.HashMap.getNode(ILjava/lang/Object;)Ljava/util/HashMap$Node; @ 129
Event: 2.937 Thread 0x000001e663749800 Uncommon trap: reason=class_check action=maybe_recompile pc=0x000001e665531100 method=java.util.HashMap.putVal(ILjava/lang/Object;Ljava/lang/Object;ZZ)Ljava/lang/Object; @ 203
Event: 2.952 Thread 0x000001e663749800 Uncommon trap: reason=class_check action=maybe_recompile pc=0x000001e665531100 method=java.util.HashMap.putVal(ILjava/lang/Object;Ljava/lang/Object;ZZ)Ljava/lang/Object; @ 203
Event: 2.962 Thread 0x000001e663749800 Uncommon trap: reason=class_check action=maybe_recompile pc=0x000001e665531100 method=java.util.HashMap.putVal(ILjava/lang/Object;Ljava/lang/Object;ZZ)Ljava/lang/Object; @ 203
Event: 3.093 Thread 0x000001e663749800 Uncommon trap: reason=unstable_if action=reinterpret pc=0x000001e665514b60 method=java.util.concurrent.ConcurrentHashMap.putVal(Ljava/lang/Object;Ljava/lang/Object;Z)Ljava/lang/Object; @ 206
Event: 3.300 Thread 0x000001e663749800 Uncommon trap: reason=unstable_if action=reinterpret pc=0x000001e6653d2250 method=java.io.WinNTFileSystem.normalize(Ljava/lang/String;)Ljava/lang/String; @ 128

Classes redefined (0 events):
No events

Internal exceptions (10 events):
Event: 3.234 Thread 0x000001e663749800 Exception <a 'java/lang/ClassNotFoundException': org/springframework/beans/factory/support/BeanDefinitionRegistryPostProcessorCustomizer> (0x00000000eb332f10) thrown at [C:\wsjdk\Corretto8Src\installers\windows\zip\corretto-build\buildRoot\src\hotspot\src
Event: 3.235 Thread 0x000001e663749800 Exception <a 'java/lang/ClassNotFoundException': org/springframework/beans/factory/config/BeanFactoryPostProcessorCustomizer> (0x00000000eb34c610) thrown at [C:\wsjdk\Corretto8Src\installers\windows\zip\corretto-build\buildRoot\src\hotspot\src\share\vm\cl
Event: 3.235 Thread 0x000001e663749800 Exception <a 'java/lang/ClassNotFoundException': org/springframework/core/PriorityOrderedCustomizer> (0x00000000eb35f340) thrown at [C:\wsjdk\Corretto8Src\installers\windows\zip\corretto-build\buildRoot\src\hotspot\src\share\vm\classfile\systemDictionary.
Event: 3.236 Thread 0x000001e663749800 Exception <a 'java/lang/ClassNotFoundException': org/springframework/core/OrderedCustomizer> (0x00000000eb36f478) thrown at [C:\wsjdk\Corretto8Src\installers\windows\zip\corretto-build\buildRoot\src\hotspot\src\share\vm\classfile\systemDictionary.cpp, lin
Event: 3.236 Thread 0x000001e663749800 Exception <a 'java/lang/ClassNotFoundException': org/springframework/context/ResourceLoaderAwareCustomizer> (0x00000000eb383da0) thrown at [C:\wsjdk\Corretto8Src\installers\windows\zip\corretto-build\buildRoot\src\hotspot\src\share\vm\classfile\systemDict
Event: 3.236 Thread 0x000001e663749800 Exception <a 'java/lang/ClassNotFoundException': org/springframework/beans/factory/AwareCustomizer> (0x00000000eb396d48) thrown at [C:\wsjdk\Corretto8Src\installers\windows\zip\corretto-build\buildRoot\src\hotspot\src\share\vm\classfile\systemDictionary.c
Event: 3.237 Thread 0x000001e663749800 Exception <a 'java/lang/ClassNotFoundException': org/springframework/beans/factory/BeanClassLoaderAwareCustomizer> (0x00000000eb3ac6f8) thrown at [C:\wsjdk\Corretto8Src\installers\windows\zip\corretto-build\buildRoot\src\hotspot\src\share\vm\classfile\sys
Event: 3.237 Thread 0x000001e663749800 Exception <a 'java/lang/ClassNotFoundException': org/springframework/beans/factory/AwareCustomizer> (0x00000000eb3bf730) thrown at [C:\wsjdk\Corretto8Src\installers\windows\zip\corretto-build\buildRoot\src\hotspot\src\share\vm\classfile\systemDictionary.c
Event: 3.238 Thread 0x000001e663749800 Exception <a 'java/lang/ClassNotFoundException': org/springframework/context/EnvironmentAwareCustomizer> (0x00000000eb3d2868) thrown at [C:\wsjdk\Corretto8Src\installers\windows\zip\corretto-build\buildRoot\src\hotspot\src\share\vm\classfile\systemDiction
Event: 3.238 Thread 0x000001e663749800 Exception <a 'java/lang/ClassNotFoundException': org/springframework/beans/factory/AwareCustomizer> (0x00000000eb3e5780) thrown at [C:\wsjdk\Corretto8Src\installers\windows\zip\corretto-build\buildRoot\src\hotspot\src\share\vm\classfile\systemDictionary.c

Events (10 events):
Event: 3.435 loading class org/springframework/web/bind/annotation/Mapping
Event: 3.435 loading class org/springframework/web/bind/annotation/Mapping done
Event: 3.437 loading class org/springframework/core/type/classreading/SimpleMethodMetadataReadingVisitor
Event: 3.437 loading class org/springframework/core/type/classreading/SimpleMethodMetadataReadingVisitor done
Event: 3.437 loading class org/springframework/core/annotation/MergedAnnotation
Event: 3.437 loading class org/springframework/core/annotation/MergedAnnotation done
Event: 3.438 loading class org/springframework/core/type/classreading/SimpleMethodMetadataReadingVisitor$Source
Event: 3.438 loading class org/springframework/core/type/classreading/SimpleMethodMetadataReadingVisitor$Source done
Event: 3.438 loading class org/springframework/web/bind/annotation/PostMapping
Event: 3.438 loading class org/springframework/web/bind/annotation/PostMapping done


Dynamic libraries:
0x00007ff72ed40000 - 0x00007ff72ed7a000 	C:\Users\dinhph\.jdks\corretto-1.8.0_302\bin\java.exe
0x00007ffeb2db0000 - 0x00007ffeb2fa5000 	C:\Windows\SYSTEM32\ntdll.dll
0x00007ffeb2330000 - 0x00007ffeb23ee000 	C:\Windows\System32\KERNEL32.DLL
0x00007ffeb08e0000 - 0x00007ffeb0ba9000 	C:\Windows\System32\KERNELBASE.dll
0x00007ffeb0fe0000 - 0x00007ffeb108c000 	C:\Windows\System32\ADVAPI32.dll
0x00007ffeb21b0000 - 0x00007ffeb224e000 	C:\Windows\System32\msvcrt.dll
0x00007ffeb1f80000 - 0x00007ffeb201b000 	C:\Windows\System32\sechost.dll
0x00007ffeb1320000 - 0x00007ffeb144a000 	C:\Windows\System32\RPCRT4.dll
0x00007ffeb0e00000 - 0x00007ffeb0fa1000 	C:\Windows\System32\USER32.dll
0x00007ffeb0570000 - 0x00007ffeb0592000 	C:\Windows\System32\win32u.dll
0x00007ffeb0fb0000 - 0x00007ffeb0fdb000 	C:\Windows\System32\GDI32.dll
0x00007ffeb0bb0000 - 0x00007ffeb0cbb000 	C:\Windows\System32\gdi32full.dll
0x00007ffeb04d0000 - 0x00007ffeb056d000 	C:\Windows\System32\msvcp_win.dll
0x00007ffeb07e0000 - 0x00007ffeb08e0000 	C:\Windows\System32\ucrtbase.dll
0x00007ffe8eea0000 - 0x00007ffe8f13a000 	C:\Windows\WinSxS\amd64_microsoft.windows.common-controls_6595b64144ccf1df_6.0.19041.1110_none_60b5254171f9507e\COMCTL32.dll
0x00007ffeb12f0000 - 0x00007ffeb1320000 	C:\Windows\System32\IMM32.DLL
0x00007ffea7e60000 - 0x00007ffea7f4f000 	C:\Users\dinhph\.jdks\corretto-1.8.0_302\jre\bin\msvcr120.dll
0x00007ffea7db0000 - 0x00007ffea7e56000 	C:\Users\dinhph\.jdks\corretto-1.8.0_302\jre\bin\msvcp120.dll
0x0000000065d50000 - 0x00000000665c0000 	C:\Users\dinhph\.jdks\corretto-1.8.0_302\jre\bin\server\jvm.dll
0x00007ffeb19d0000 - 0x00007ffeb19d8000 	C:\Windows\System32\PSAPI.DLL
0x00007ffeaa630000 - 0x00007ffeaa639000 	C:\Windows\SYSTEM32\WSOCK32.dll
0x00007ffeb23f0000 - 0x00007ffeb245b000 	C:\Windows\System32\WS2_32.dll
0x00007ffe7f560000 - 0x00007ffe7f587000 	C:\Windows\SYSTEM32\WINMM.dll
0x00007ffea3410000 - 0x00007ffea341a000 	C:\Windows\SYSTEM32\VERSION.dll
0x00007ffeae240000 - 0x00007ffeae24f000 	C:\Users\dinhph\.jdks\corretto-1.8.0_302\jre\bin\verify.dll
0x00007ffeaa110000 - 0x00007ffeaa139000 	C:\Users\dinhph\.jdks\corretto-1.8.0_302\jre\bin\java.dll
0x00007ffea7c70000 - 0x00007ffea7c9a000 	C:\Users\dinhph\.jdks\corretto-1.8.0_302\jre\bin\instrument.dll
0x00007ffeadce0000 - 0x00007ffeadcf6000 	C:\Users\dinhph\.jdks\corretto-1.8.0_302\jre\bin\zip.dll
0x00007ffeb2630000 - 0x00007ffeb2d6f000 	C:\Windows\System32\SHELL32.dll
0x00007ffeae5f0000 - 0x00007ffeaed80000 	C:\Windows\SYSTEM32\windows.storage.dll
0x00007ffeb14c0000 - 0x00007ffeb1815000 	C:\Windows\System32\combase.dll
0x00007ffeafe50000 - 0x00007ffeafe7c000 	C:\Windows\SYSTEM32\Wldp.dll
0x00007ffeb1240000 - 0x00007ffeb12ee000 	C:\Windows\System32\SHCORE.dll
0x00007ffeb25d0000 - 0x00007ffeb2625000 	C:\Windows\System32\shlwapi.dll
0x00007ffeb0410000 - 0x00007ffeb042f000 	C:\Windows\SYSTEM32\profapi.dll
0x00007ffea94f0000 - 0x00007ffea950a000 	C:\Program Files\JetBrains\IntelliJ IDEA 2021.2.2\bin\breakgen64.dll
0x00007ffeaa0f0000 - 0x00007ffeaa10a000 	C:\Users\dinhph\.jdks\corretto-1.8.0_302\jre\bin\net.dll
0x00007ffeafbb0000 - 0x00007ffeafc1a000 	C:\Windows\system32\mswsock.dll
0x00007ffeadcb0000 - 0x00007ffeadcbd000 	C:\Users\dinhph\.jdks\corretto-1.8.0_302\jre\bin\management.dll
0x00007ffe895b0000 - 0x00007ffe895c7000 	C:\Windows\system32\napinsp.dll
0x00007ffe89590000 - 0x00007ffe895ab000 	C:\Windows\system32\pnrpnsp.dll
0x00007ffe9ab70000 - 0x00007ffe9ab85000 	C:\Windows\system32\wshbth.dll
0x00007ffea4b20000 - 0x00007ffea4b3d000 	C:\Windows\system32\NLAapi.dll
0x00007ffeaf8a0000 - 0x00007ffeaf8db000 	C:\Windows\SYSTEM32\IPHLPAPI.DLL
0x00007ffeaf8e0000 - 0x00007ffeaf9ac000 	C:\Windows\SYSTEM32\DNSAPI.dll
0x00007ffeb24f0000 - 0x00007ffeb24f8000 	C:\Windows\System32\NSI.dll
0x00007ffe89570000 - 0x00007ffe89582000 	C:\Windows\System32\winrnr.dll
0x00007ffea9c80000 - 0x00007ffea9c8a000 	C:\Windows\System32\rasadhlp.dll
0x00007ffea59d0000 - 0x00007ffea5a4f000 	C:\Windows\System32\fwpuclnt.dll
0x00007ffeb0600000 - 0x00007ffeb0627000 	C:\Windows\System32\bcrypt.dll
0x00007ffea9590000 - 0x00007ffea95a2000 	C:\Users\dinhph\.jdks\corretto-1.8.0_302\jre\bin\nio.dll

VM Arguments:
jvm_args: -javaagent:C:\Program Files\JetBrains\IntelliJ IDEA 2021.2.2\lib\idea_rt.jar=58835:C:\Program Files\JetBrains\IntelliJ IDEA 2021.2.2\bin -Dfile.encoding=UTF-8 
java_command: com.example.demo.DemoApplication
java_class_path (initial): C:\Users\dinhph\.jdks\corretto-1.8.0_302\jre\lib\charsets.jar;C:\Users\dinhph\.jdks\corretto-1.8.0_302\jre\lib\ext\access-bridge-64.jar;C:\Users\dinhph\.jdks\corretto-1.8.0_302\jre\lib\ext\cldrdata.jar;C:\Users\dinhph\.jdks\corretto-1.8.0_302\jre\lib\ext\dnsns.jar;C:\Users\dinhph\.jdks\corretto-1.8.0_302\jre\lib\ext\jaccess.jar;C:\Users\dinhph\.jdks\corretto-1.8.0_302\jre\lib\ext\jfxrt.jar;C:\Users\dinhph\.jdks\corretto-1.8.0_302\jre\lib\ext\localedata.jar;C:\Users\dinhph\.jdks\corretto-1.8.0_302\jre\lib\ext\nashorn.jar;C:\Users\dinhph\.jdks\corretto-1.8.0_302\jre\lib\ext\sunec.jar;C:\Users\dinhph\.jdks\corretto-1.8.0_302\jre\lib\ext\sunjce_provider.jar;C:\Users\dinhph\.jdks\corretto-1.8.0_302\jre\lib\ext\sunmscapi.jar;C:\Users\dinhph\.jdks\corretto-1.8.0_302\jre\lib\ext\sunpkcs11.jar;C:\Users\dinhph\.jdks\corretto-1.8.0_302\jre\lib\ext\zipfs.jar;C:\Users\dinhph\.jdks\corretto-1.8.0_302\jre\lib\jce.jar;C:\Users\dinhph\.jdks\corretto-1.8.0_302\jre\lib\jfr.jar;C:\Users\dinhph\.jdks\corretto-1.8.0_302\jre\lib\jfxswt.jar;C:\Users\dinhph\.jdks\corretto-1.8.0_302\jre\lib\jsse.jar;C:\Users\dinhph\.jdks\corretto-1.8.0_302\jre\lib\management-agent.jar;C:\Users\dinhph\.jdks\corretto-1.8.0_302\jre\lib\resources.jar;C:\Users\dinhph\.jdks\corretto-1.8.0_302\jre\lib\rt.jar;C:\Users\dinhph\Desktop\quickstart-spring-data-jpa-sql-server-master\target\classes;C:\Users\dinhph\.m2\repository\org\springframework\boot\spring-boot-starter-data-jpa\2.3.1.RELEASE\spring-boot-starter-data-jpa-2.3.1.RELEASE.jar;C:\Users\dinhph\.m2\repository\org\springframework\boot\spring-boot-starter-aop\2.3.1.RELEASE\spring-boot-starter-aop-2.3.1.RELEASE.jar;C:\Users\dinhph\.m2\repository\org\springframework\spring-aop\5.2.7.RELEASE\spring-aop-5.2.7.RELEASE.jar;C:\Users\dinhph\.m2\repository\org\aspectj\aspectjweaver\1.9.5\aspectjweaver-1.9.5.jar;C:\Users\dinhph\.m2\repository\org\springframework\boot\spring-boot-starter-jdbc\2.3.1.RELEASE\spring-boot-starter-jdbc-2.3.1.RELEASE
Launcher Type: SUN_STANDARD

Environment Variables:
PATH=C:\Windows\system32;C:\Windows;C:\Windows\System32\Wbem;C:\Windows\System32\WindowsPowerShell\v1.0\;C:\Windows\System32\OpenSSH\;C:\Program Files (x86)\Microsoft SQL Server\150\DTS\Binn\;C:\Program Files\Azure Data Studio\bin;C:\Users\dinhph\AppData\Local\Microsoft\WindowsApps;;C:\Program Files\Azure Data Studio\bin
USERNAME=dinhph
OS=Windows_NT
PROCESSOR_IDENTIFIER=Intel64 Family 6 Model 63 Stepping 2, GenuineIntel



---------------  S Y S T E M  ---------------

OS: Windows 10.0 , 64 bit Build 19041 (10.0.19041.1202)

CPU:total 2 (initial active 2) (2 cores per cpu, 1 threads per core) family 6 model 63 stepping 2, cmov, cx8, fxsr, mmx, sse, sse2, sse3, ssse3, sse4.1, sse4.2, popcnt, avx, avx2, aes, clmul, erms, lzcnt, tsc, bmi1, bmi2

Memory: 4k page, physical 4193224k(356620k free), swap 5241540k(5488k free)

vm_info: OpenJDK 64-Bit Server VM (25.302-b08) for windows-amd64 JRE (1.8.0_302-b08), built on Jul 15 2021 19:37:21 by "Administrator" with MS VC++ 12.0 (VS2013)

time: Fri Sep 17 12:48:57 2021
timezone: Coordinated Universal Time
elapsed time: 3.447303 seconds (0d 0h 0m 3s)

