#
# There is insufficient memory for the Java Runtime Environment to continue.
# Native memory allocation (malloc) failed to allocate 32744 bytes for ChunkPool::allocate
# Possible reasons:
#   The system is out of physical RAM or swap space
#   The process is running with CompressedOops enabled, and the Java Heap may be blocking the growth of the native heap
# Possible solutions:
#   Reduce memory load on the system
#   Increase physical memory or swap space
#   Check if swap backing store is full
#   Decrease Java heap size (-Xmx/-Xms)
#   Decrease number of Java threads
#   Set larger code cache with -XX:ReservedCodeCacheSize=
#   JVM is running with Unscaled Compressed Oops mode in which the Java heap is
#     placed in the first 4GB address space. The Java Heap base address is the
#     maximum limit for the native heap growth. Please use -XX:HeapBaseMinAddress
#     to set the Java Heap base and to place the Java Heap above 4GB virtual address.
# This output file may be truncated or incomplete.
#
#  Out of Memory Error (allocation.cpp:272), pid=2500, tid=0x0000000000002544
#
# JRE version: OpenJDK Runtime Environment (8.0_302-b08) (build 1.8.0_302-b08)
# Java VM: OpenJDK 64-Bit Server VM (25.302-b08 mixed mode windows-amd64 compressed oops)
# Failed to write core dump. Minidumps are not enabled by default on client versions of Windows
#

---------------  T H R E A D  ---------------

Current thread (0x0000017a2b439000):  JavaThread "C2 CompilerThread0" daemon [_thread_in_native, id=9540, stack(0x0000005289e00000,0x0000005289f00000)]

Stack: [0x0000005289e00000,0x0000005289f00000]
[error occurred during error reporting (printing stack bounds), id 0xc0000005]

Native frames: (J=compiled Java code, j=interpreted, Vv=VM code, C=native code)


Current CompileTask:
C2:  54536 4637       4       java.util.Collections$UnmodifiableCollection::iterator (9 bytes)


---------------  P R O C E S S  ---------------

Java Threads: ( => current thread )
  0x0000017a2e37a000 JavaThread "DestroyJavaVM" [_thread_blocked, id=6928, stack(0x0000005289500000,0x0000005289600000)]
  0x0000017a2e380800 JavaThread "task-2" [_thread_blocked, id=10460, stack(0x000000528b700000,0x000000528b800000)]
  0x0000017a2edf6000 JavaThread "HikariPool-1 housekeeper" daemon [_thread_blocked, id=5800, stack(0x000000528b500000,0x000000528b600000)]
  0x0000017a2edf3000 JavaThread "mssql-jdbc-shared-timer-core-0" daemon [_thread_blocked, id=2128, stack(0x000000528b400000,0x000000528b500000)]
  0x0000017a2edf2000 JavaThread "http-nio-8080-Acceptor" daemon [_thread_in_native, id=8284, stack(0x000000528b200000,0x000000528b300000)]
  0x0000017a2edf7800 JavaThread "http-nio-8080-ClientPoller" daemon [_thread_in_native, id=3992, stack(0x000000528b100000,0x000000528b200000)]
  0x0000017a2edf1800 JavaThread "http-nio-8080-exec-10" daemon [_thread_blocked, id=4680, stack(0x000000528b000000,0x000000528b100000)]
  0x0000017a2edf0800 JavaThread "http-nio-8080-exec-9" daemon [_thread_blocked, id=6936, stack(0x000000528af00000,0x000000528b000000)]
  0x0000017a2edf5800 JavaThread "http-nio-8080-exec-8" daemon [_thread_blocked, id=1048, stack(0x000000528ae00000,0x000000528af00000)]
  0x0000017a2edf4800 JavaThread "http-nio-8080-exec-7" daemon [_thread_blocked, id=8004, stack(0x000000528ad00000,0x000000528ae00000)]
  0x0000017a2edf4000 JavaThread "http-nio-8080-exec-6" daemon [_thread_blocked, id=6736, stack(0x000000528ac00000,0x000000528ad00000)]
  0x0000017a2d721000 JavaThread "http-nio-8080-exec-5" daemon [_thread_blocked, id=10824, stack(0x000000528ab00000,0x000000528ac00000)]
  0x0000017a2b7d1000 JavaThread "http-nio-8080-exec-4" daemon [_thread_blocked, id=3920, stack(0x000000528aa00000,0x000000528ab00000)]
  0x0000017a2e8b7000 JavaThread "http-nio-8080-exec-3" daemon [_thread_blocked, id=3032, stack(0x000000528a900000,0x000000528aa00000)]
  0x0000017a2cac5000 JavaThread "http-nio-8080-exec-2" daemon [_thread_blocked, id=4072, stack(0x000000528a800000,0x000000528a900000)]
  0x0000017a2b830800 JavaThread "http-nio-8080-exec-1" daemon [_thread_blocked, id=4180, stack(0x000000528a700000,0x000000528a800000)]
  0x0000017a2e394000 JavaThread "http-nio-8080-BlockPoller" daemon [_thread_in_native, id=8972, stack(0x000000528a600000,0x000000528a700000)]
  0x0000017a2eaa7000 JavaThread "task-1" [_thread_blocked, id=7488, stack(0x000000528a500000,0x000000528a600000)]
  0x0000017a2eaef000 JavaThread "container-0" [_thread_blocked, id=7436, stack(0x000000528a400000,0x000000528a500000)]
  0x0000017a2d5f7800 JavaThread "Catalina-utility-2" [_thread_blocked, id=4628, stack(0x000000528a300000,0x000000528a400000)]
  0x0000017a2d333000 JavaThread "Catalina-utility-1" [_thread_blocked, id=11192, stack(0x000000528a200000,0x000000528a300000)]
  0x0000017a2b4c6000 JavaThread "Service Thread" daemon [_thread_blocked, id=3388, stack(0x000000528a000000,0x000000528a100000)]
  0x0000017a2b43a000 JavaThread "C1 CompilerThread1" daemon [_thread_blocked, id=6040, stack(0x0000005289f00000,0x000000528a000000)]
=>0x0000017a2b439000 JavaThread "C2 CompilerThread0" daemon [_thread_in_native, id=9540, stack(0x0000005289e00000,0x0000005289f00000)]
  0x0000017a2b437800 JavaThread "Monitor Ctrl-Break" daemon [_thread_in_native, id=4308, stack(0x0000005289d00000,0x0000005289e00000)]
  0x0000017a2a5db000 JavaThread "Attach Listener" daemon [_thread_blocked, id=6712, stack(0x0000005289c00000,0x0000005289d00000)]
  0x0000017a2a5d6800 JavaThread "Signal Dispatcher" daemon [_thread_blocked, id=8776, stack(0x0000005289b00000,0x0000005289c00000)]
  0x0000017a2a5a3000 JavaThread "Finalizer" daemon [_thread_blocked, id=9044, stack(0x0000005289a00000,0x0000005289b00000)]
  0x0000017a2a5a1000 JavaThread "Reference Handler" daemon [_thread_blocked, id=4636, stack(0x0000005289900000,0x0000005289a00000)]

Other Threads:
  0x0000017a2a575800 VMThread [stack: 0x0000005289800000,0x0000005289900000] [id=5792]
  0x0000017a2b4c7000 WatcherThread [stack: 0x000000528a100000,0x000000528a200000] [id=11008]

VM state:not at safepoint (normal execution)

VM Mutex/Monitor currently owned by a thread: None

heap address: 0x00000000c0000000, size: 1024 MB, Compressed Oops mode: 32-bit
Narrow klass base: 0x0000000000000000, Narrow klass shift: 3
Compressed class space size: 1073741824 Address: 0x0000000100000000

Heap:
 PSYoungGen      total 294400K, used 26671K [0x00000000eab00000, 0x00000000fde80000, 0x0000000100000000)
  eden space 285696K, 6% used [0x00000000eab00000,0x00000000ebc93920,0x00000000fc200000)
  from space 8704K, 99% used [0x00000000fd000000,0x00000000fd8784a8,0x00000000fd880000)
  to   space 14336K, 0% used [0x00000000fc200000,0x00000000fc200000,0x00000000fd000000)
 ParOldGen       total 44544K, used 26334K [0x00000000c0000000, 0x00000000c2b80000, 0x00000000eab00000)
  object space 44544K, 59% used [0x00000000c0000000,0x00000000c19b7890,0x00000000c2b80000)
 Metaspace       used 53816K, capacity 56478K, committed 56704K, reserved 1097728K
  class space    used 7232K, capacity 7685K, committed 7808K, reserved 1048576K

Card table byte_map: [0x0000017a276a0000,0x0000017a278b0000] byte_map_base: 0x0000017a270a0000

Marking Bits: (ParMarkBitMap*) 0x0000000066541820
 Begin Bits: [0x0000017a27a10000, 0x0000017a28a10000)
 End Bits:   [0x0000017a28a10000, 0x0000017a29a10000)

Polling page: 0x0000017a169a0000

CodeCache: size=245760Kb used=13865Kb max_used=13878Kb free=231894Kb
 bounds [0x0000017a182e0000, 0x0000017a19090000, 0x0000017a272e0000]
 total_blobs=4718 nmethods=4165 adapters=465
 compilation: enabled

Compilation events (10 events):
Event: 47.049 Thread 0x0000017a2b43a000 nmethod 4632 0x0000017a19055650 code [0x0000017a190557a0, 0x0000017a190558d8]
Event: 47.981 Thread 0x0000017a2b43a000 4633       1       java.util.concurrent.locks.AbstractQueuedSynchronizer::compareAndSetState (13 bytes)
Event: 47.981 Thread 0x0000017a2b43a000 nmethod 4633 0x0000017a19055350 code [0x0000017a190554a0, 0x0000017a190555d8]
Event: 49.056 Thread 0x0000017a2b43a000 4634       3       java.util.concurrent.locks.AbstractQueuedSynchronizer::compareAndSetWaitStatus (13 bytes)
Event: 49.056 Thread 0x0000017a2b43a000 nmethod 4634 0x0000017a19055010 code [0x0000017a19055160, 0x0000017a190552b8]
Event: 50.051 Thread 0x0000017a2b43a000 4635       3       java.util.concurrent.locks.LockSupport::setBlocker (12 bytes)
Event: 50.051 Thread 0x0000017a2b43a000 nmethod 4635 0x0000017a19054cd0 code [0x0000017a19054e20, 0x0000017a19054f78]
Event: 53.051 Thread 0x0000017a2b43a000 4636       3       java.util.concurrent.locks.AbstractQueuedSynchronizer::isOnSyncQueue (33 bytes)
Event: 53.051 Thread 0x0000017a2b43a000 nmethod 4636 0x0000017a19054650 code [0x0000017a190547c0, 0x0000017a19054b58]
Event: 54.532 Thread 0x0000017a2b439000 4637       4       java.util.Collections$UnmodifiableCollection::iterator (9 bytes)

GC Heap History (10 events):
Event: 4.049 GC heap before
{Heap before GC invocations=10 (full 1):
 PSYoungGen      total 137216K, used 1512K [0x00000000eab00000, 0x00000000f8500000, 0x0000000100000000)
  eden space 131072K, 0% used [0x00000000eab00000,0x00000000eab00000,0x00000000f2b00000)
  from space 6144K, 24% used [0x00000000f2b00000,0x00000000f2c7a0f0,0x00000000f3100000)
  to   space 6656K, 0% used [0x00000000f7e80000,0x00000000f7e80000,0x00000000f8500000)
 ParOldGen       total 44032K, used 10509K [0x00000000c0000000, 0x00000000c2b00000, 0x00000000eab00000)
  object space 44032K, 23% used [0x00000000c0000000,0x00000000c0a437b8,0x00000000c2b00000)
 Metaspace       used 20314K, capacity 21094K, committed 21248K, reserved 1067008K
  class space    used 2492K, capacity 2699K, committed 2816K, reserved 1048576K
Event: 4.088 GC heap after
Heap after GC invocations=10 (full 1):
 PSYoungGen      total 137216K, used 0K [0x00000000eab00000, 0x00000000f8500000, 0x0000000100000000)
  eden space 131072K, 0% used [0x00000000eab00000,0x00000000eab00000,0x00000000f2b00000)
  from space 6144K, 0% used [0x00000000f2b00000,0x00000000f2b00000,0x00000000f3100000)
  to   space 6656K, 0% used [0x00000000f7e80000,0x00000000f7e80000,0x00000000f8500000)
 ParOldGen       total 27648K, used 5340K [0x00000000c0000000, 0x00000000c1b00000, 0x00000000eab00000)
  object space 27648K, 19% used [0x00000000c0000000,0x00000000c05373b0,0x00000000c1b00000)
 Metaspace       used 20312K, capacity 21088K, committed 21248K, reserved 1067008K
  class space    used 2492K, capacity 2698K, committed 2816K, reserved 1048576K
}
Event: 5.964 GC heap before
{Heap before GC invocations=11 (full 1):
 PSYoungGen      total 137216K, used 131072K [0x00000000eab00000, 0x00000000f8500000, 0x0000000100000000)
  eden space 131072K, 100% used [0x00000000eab00000,0x00000000f2b00000,0x00000000f2b00000)
  from space 6144K, 0% used [0x00000000f2b00000,0x00000000f2b00000,0x00000000f3100000)
  to   space 6656K, 0% used [0x00000000f7e80000,0x00000000f7e80000,0x00000000f8500000)
 ParOldGen       total 27648K, used 5340K [0x00000000c0000000, 0x00000000c1b00000, 0x00000000eab00000)
  object space 27648K, 19% used [0x00000000c0000000,0x00000000c05373b0,0x00000000c1b00000)
 Metaspace       used 28812K, capacity 30422K, committed 30592K, reserved 1075200K
  class space    used 3657K, capacity 3937K, committed 3968K, reserved 1048576K
Event: 5.980 GC heap after
Heap after GC invocations=11 (full 1):
 PSYoungGen      total 203264K, used 6636K [0x00000000eab00000, 0x00000000f8500000, 0x0000000100000000)
  eden space 196608K, 0% used [0x00000000eab00000,0x00000000eab00000,0x00000000f6b00000)
  from space 6656K, 99% used [0x00000000f7e80000,0x00000000f84fb168,0x00000000f8500000)
  to   space 8704K, 0% used [0x00000000f7400000,0x00000000f7400000,0x00000000f7c80000)
 ParOldGen       total 27648K, used 9302K [0x00000000c0000000, 0x00000000c1b00000, 0x00000000eab00000)
  object space 27648K, 33% used [0x00000000c0000000,0x00000000c09158e0,0x00000000c1b00000)
 Metaspace       used 28812K, capacity 30422K, committed 30592K, reserved 1075200K
  class space    used 3657K, capacity 3937K, committed 3968K, reserved 1048576K
}
Event: 7.028 GC heap before
{Heap before GC invocations=12 (full 1):
 PSYoungGen      total 203264K, used 58982K [0x00000000eab00000, 0x00000000f8500000, 0x0000000100000000)
  eden space 196608K, 26% used [0x00000000eab00000,0x00000000ede1e810,0x00000000f6b00000)
  from space 6656K, 99% used [0x00000000f7e80000,0x00000000f84fb168,0x00000000f8500000)
  to   space 8704K, 0% used [0x00000000f7400000,0x00000000f7400000,0x00000000f7c80000)
 ParOldGen       total 27648K, used 9302K [0x00000000c0000000, 0x00000000c1b00000, 0x00000000eab00000)
  object space 27648K, 33% used [0x00000000c0000000,0x00000000c09158e0,0x00000000c1b00000)
 Metaspace       used 33540K, capacity 35308K, committed 35416K, reserved 1081344K
  class space    used 4220K, capacity 4544K, committed 4608K, reserved 1048576K
Event: 7.046 GC heap after
Heap after GC invocations=12 (full 1):
 PSYoungGen      total 214528K, used 5704K [0x00000000eab00000, 0x00000000fd880000, 0x0000000100000000)
  eden space 205824K, 0% used [0x00000000eab00000,0x00000000eab00000,0x00000000f7400000)
  from space 8704K, 65% used [0x00000000f7400000,0x00000000f79923d0,0x00000000f7c80000)
  to   space 8704K, 0% used [0x00000000fd000000,0x00000000fd000000,0x00000000fd880000)
 ParOldGen       total 27648K, used 13467K [0x00000000c0000000, 0x00000000c1b00000, 0x00000000eab00000)
  object space 27648K, 48% used [0x00000000c0000000,0x00000000c0d26f18,0x00000000c1b00000)
 Metaspace       used 33540K, capacity 35308K, committed 35416K, reserved 1081344K
  class space    used 4220K, capacity 4544K, committed 4608K, reserved 1048576K
}
Event: 7.046 GC heap before
{Heap before GC invocations=13 (full 2):
 PSYoungGen      total 214528K, used 5704K [0x00000000eab00000, 0x00000000fd880000, 0x0000000100000000)
  eden space 205824K, 0% used [0x00000000eab00000,0x00000000eab00000,0x00000000f7400000)
  from space 8704K, 65% used [0x00000000f7400000,0x00000000f79923d0,0x00000000f7c80000)
  to   space 8704K, 0% used [0x00000000fd000000,0x00000000fd000000,0x00000000fd880000)
 ParOldGen       total 27648K, used 13467K [0x00000000c0000000, 0x00000000c1b00000, 0x00000000eab00000)
  object space 27648K, 48% used [0x00000000c0000000,0x00000000c0d26f18,0x00000000c1b00000)
 Metaspace       used 33540K, capacity 35308K, committed 35416K, reserved 1081344K
  class space    used 4220K, capacity 4544K, committed 4608K, reserved 1048576K
Event: 7.113 GC heap after
Heap after GC invocations=13 (full 2):
 PSYoungGen      total 214528K, used 0K [0x00000000eab00000, 0x00000000fd880000, 0x0000000100000000)
  eden space 205824K, 0% used [0x00000000eab00000,0x00000000eab00000,0x00000000f7400000)
  from space 8704K, 0% used [0x00000000f7400000,0x00000000f7400000,0x00000000f7c80000)
  to   space 8704K, 0% used [0x00000000fd000000,0x00000000fd000000,0x00000000fd880000)
 ParOldGen       total 44544K, used 14761K [0x00000000c0000000, 0x00000000c2b80000, 0x00000000eab00000)
  object space 44544K, 33% used [0x00000000c0000000,0x00000000c0e6a5f0,0x00000000c2b80000)
 Metaspace       used 33540K, capacity 35308K, committed 35416K, reserved 1081344K
  class space    used 4220K, capacity 4544K, committed 4608K, reserved 1048576K
}
Event: 19.092 GC heap before
{Heap before GC invocations=14 (full 2):
 PSYoungGen      total 214528K, used 205824K [0x00000000eab00000, 0x00000000fd880000, 0x0000000100000000)
  eden space 205824K, 100% used [0x00000000eab00000,0x00000000f7400000,0x00000000f7400000)
  from space 8704K, 0% used [0x00000000f7400000,0x00000000f7400000,0x00000000f7c80000)
  to   space 8704K, 0% used [0x00000000fd000000,0x00000000fd000000,0x00000000fd880000)
 ParOldGen       total 44544K, used 14761K [0x00000000c0000000, 0x00000000c2b80000, 0x00000000eab00000)
  object space 44544K, 33% used [0x00000000c0000000,0x00000000c0e6a5f0,0x00000000c2b80000)
 Metaspace       used 52925K, capacity 55240K, committed 55424K, reserved 1097728K
  class space    used 7083K, capacity 7500K, committed 7552K, reserved 1048576K
Event: 19.142 GC heap after
Heap after GC invocations=14 (full 2):
 PSYoungGen      total 294400K, used 8673K [0x00000000eab00000, 0x00000000fde80000, 0x0000000100000000)
  eden space 285696K, 0% used [0x00000000eab00000,0x00000000eab00000,0x00000000fc200000)
  from space 8704K, 99% used [0x00000000fd000000,0x00000000fd8784a8,0x00000000fd880000)
  to   space 14336K, 0% used [0x00000000fc200000,0x00000000fc200000,0x00000000fd000000)
 ParOldGen       total 44544K, used 26334K [0x00000000c0000000, 0x00000000c2b80000, 0x00000000eab00000)
  object space 44544K, 59% used [0x00000000c0000000,0x00000000c19b7890,0x00000000c2b80000)
 Metaspace       used 52925K, capacity 55240K, committed 55424K, reserved 1097728K
  class space    used 7083K, capacity 7500K, committed 7552K, reserved 1048576K
}

Deoptimization events (10 events):
Event: 17.802 Thread 0x0000017a2eaa7000 Uncommon trap: reason=bimorphic action=maybe_recompile pc=0x0000017a18f9d328 method=java.lang.Throwable.<init>(Ljava/lang/String;Ljava/lang/Throwable;)V @ 24
Event: 18.193 Thread 0x0000017a2eaa7000 Uncommon trap: reason=unstable_if action=reinterpret pc=0x0000017a18902e54 method=java.util.HashMap$HashIterator.<init>(Ljava/util/HashMap;)V @ 45
Event: 18.360 Thread 0x0000017a2eaa7000 Uncommon trap: reason=class_check action=maybe_recompile pc=0x0000017a18e69a24 method=java.util.regex.Pattern$SliceI.match(Ljava/util/regex/Matcher;ILjava/lang/CharSequence;)Z @ 92
Event: 18.360 Thread 0x0000017a2eaa7000 Uncommon trap: reason=class_check action=maybe_recompile pc=0x0000017a18e69a24 method=java.util.regex.Pattern$SliceI.match(Ljava/util/regex/Matcher;ILjava/lang/CharSequence;)Z @ 92
Event: 18.370 Thread 0x0000017a2eaa7000 Uncommon trap: reason=class_check action=maybe_recompile pc=0x0000017a18e69a24 method=java.util.regex.Pattern$SliceI.match(Ljava/util/regex/Matcher;ILjava/lang/CharSequence;)Z @ 92
Event: 18.517 Thread 0x0000017a2eaa7000 Uncommon trap: reason=bimorphic action=maybe_recompile pc=0x0000017a18f9d328 method=java.lang.Throwable.<init>(Ljava/lang/String;Ljava/lang/Throwable;)V @ 24
Event: 18.529 Thread 0x0000017a2eaa7000 Uncommon trap: reason=bimorphic action=maybe_recompile pc=0x0000017a18f9d328 method=java.lang.Throwable.<init>(Ljava/lang/String;Ljava/lang/Throwable;)V @ 24
Event: 19.223 Thread 0x0000017a16a93800 Uncommon trap: reason=unstable_if action=reinterpret pc=0x0000017a18bdc290 method=org.springframework.util.ConcurrentReferenceHashMap$Segment.restructureIfNecessary(Z)V @ 41
Event: 19.279 Thread 0x0000017a16a93800 Uncommon trap: reason=class_check action=maybe_recompile pc=0x0000017a18ba1390 method=org.springframework.util.ConcurrentReferenceHashMap$Segment.findInChain(Lorg/springframework/util/ConcurrentReferenceHashMap$Reference;Ljava/lang/Object;I)Lorg/springfra
Event: 19.290 Thread 0x0000017a16a93800 Uncommon trap: reason=unstable_if action=reinterpret pc=0x0000017a187e7e04 method=org.springframework.util.ConcurrentReferenceHashMap$Segment.restructureIfNecessary(Z)V @ 41

Classes redefined (0 events):
No events

Internal exceptions (10 events):
Event: 19.241 Thread 0x0000017a16a93800 Exception <a 'java/lang/ClassNotFoundException': com/example/demo/TodoCustomizer> (0x00000000eae36550) thrown at [C:\wsjdk\Corretto8Src\installers\windows\zip\corretto-build\buildRoot\src\hotspot\src\share\vm\classfile\systemDictionary.cpp, line 217]
Event: 19.255 Thread 0x0000017a16a93800 Exception <a 'java/lang/NoSuchMethodError': java.lang.Object.lambda$of$0([Ljava/lang/Object;)Ljava/util/Iterator;> (0x00000000eae9cda8) thrown at [C:\wsjdk\Corretto8Src\installers\windows\zip\corretto-build\buildRoot\src\hotspot\src\share\vm\interpreter\l
Event: 19.269 Thread 0x0000017a16a93800 Exception <a 'java/lang/NoSuchMethodError': java.lang.Object.lambda$toStream$0(Ljava/util/Optional;)Ljava/util/stream/Stream;> (0x00000000eaf53278) thrown at [C:\wsjdk\Corretto8Src\installers\windows\zip\corretto-build\buildRoot\src\hotspot\src\share\vm\i
Event: 19.272 Thread 0x0000017a16a93800 Exception <a 'java/lang/NoSuchMethodError': java.lang.Object.of(Ljava/lang/Object;)Ljava/util/stream/Stream;> (0x00000000eaf5a098) thrown at [C:\wsjdk\Corretto8Src\installers\windows\zip\corretto-build\buildRoot\src\hotspot\src\share\vm\interpreter\linkRe
Event: 19.273 Thread 0x0000017a16a93800 Exception <a 'java/lang/NoSuchMethodError': java.lang.Object.empty()Ljava/util/stream/Stream;> (0x00000000eaf5ced8) thrown at [C:\wsjdk\Corretto8Src\installers\windows\zip\corretto-build\buildRoot\src\hotspot\src\share\vm\interpreter\linkResolver.cpp, lin
Event: 19.275 Thread 0x0000017a16a93800 Exception <a 'java/lang/NoSuchMethodError': java.lang.Object.fromNullable(Ljava/lang/Object;)Ljava/util/stream/Stream;> (0x00000000eaf6ccd0) thrown at [C:\wsjdk\Corretto8Src\installers\windows\zip\corretto-build\buildRoot\src\hotspot\src\share\vm\interpre
Event: 19.300 Thread 0x0000017a16a93800 Exception <a 'java/lang/NoSuchMethodError': java.lang.Object.lambda$direct$0(Lorg/springframework/data/repository/core/support/MethodLookup$InvokedMethod;Ljava/lang/reflect/Method;)Z> (0x00000000eb047970) thrown at [C:\wsjdk\Corretto8Src\installers\window
Event: 19.301 Thread 0x0000017a16a93800 Exception <a 'java/lang/NoSuchMethodError': java.lang.Object.lambda$direct$1(Lorg/springframework/data/repository/core/support/MethodLookup$MethodPredicate;)Ljava/util/List;> (0x00000000eb04ab40) thrown at [C:\wsjdk\Corretto8Src\installers\windows\zip\cor
Event: 19.303 Thread 0x0000017a16a93800 Exception <a 'java/lang/NoSuchMethodError': java.lang.Object.lambda$and$0(Lorg/springframework/data/repository/core/support/MethodLookup;)Ljava/util/List;> (0x00000000eb0646a0) thrown at [C:\wsjdk\Corretto8Src\installers\windows\zip\corretto-build\buildRo
Event: 19.314 Thread 0x0000017a16a93800 Exception <a 'java/lang/IncompatibleClassChangeError': Found class java.lang.Object, but interface was expected> (0x00000000eb106ab0) thrown at [C:\wsjdk\Corretto8Src\installers\windows\zip\corretto-build\buildRoot\src\hotspot\src\share\vm\interpreter\lin

Events (10 events):
Event: 19.439 loading class java/util/AbstractMap$1$1 done
Event: 19.441 loading class org/springframework/boot/ApplicationRunner
Event: 19.441 loading class org/springframework/boot/ApplicationRunner done
Event: 19.443 loading class org/springframework/boot/CommandLineRunner
Event: 19.443 loading class org/springframework/boot/CommandLineRunner done
Event: 19.444 Thread 0x0000017a16a93800 Thread exited: 0x0000017a16a93800
Event: 19.444 Thread 0x0000017a2e37a000 Thread added: 0x0000017a2e37a000
Event: 21.697 Executing VM operation: RevokeBias
Event: 21.697 Executing VM operation: RevokeBias done
Event: 21.697 Thread 0x0000017a2edf7000 Thread exited: 0x0000017a2edf7000


Dynamic libraries:
0x00007ff72ed40000 - 0x00007ff72ed7a000 	C:\Users\dinhph\.jdks\corretto-1.8.0_302\bin\java.exe
0x00007ffeb2db0000 - 0x00007ffeb2fa5000 	C:\Windows\SYSTEM32\ntdll.dll
0x00007ffeb2330000 - 0x00007ffeb23ee000 	C:\Windows\System32\KERNEL32.DLL
0x00007ffeb08e0000 - 0x00007ffeb0ba9000 	C:\Windows\System32\KERNELBASE.dll
0x00007ffeadaa0000 - 0x00007ffeadb30000 	C:\Windows\SYSTEM32\apphelp.dll
0x00007ffeb0fe0000 - 0x00007ffeb108c000 	C:\Windows\System32\ADVAPI32.dll
0x00007ffeb21b0000 - 0x00007ffeb224e000 	C:\Windows\System32\msvcrt.dll
0x00007ffeb1f80000 - 0x00007ffeb201b000 	C:\Windows\System32\sechost.dll
0x00007ffeb1320000 - 0x00007ffeb144a000 	C:\Windows\System32\RPCRT4.dll
0x00007ffeb0e00000 - 0x00007ffeb0fa1000 	C:\Windows\System32\USER32.dll
0x00007ffeb0570000 - 0x00007ffeb0592000 	C:\Windows\System32\win32u.dll
0x00007ffeb0fb0000 - 0x00007ffeb0fdb000 	C:\Windows\System32\GDI32.dll
0x00007ffeb0bb0000 - 0x00007ffeb0cbb000 	C:\Windows\System32\gdi32full.dll
0x00007ffeb04d0000 - 0x00007ffeb056d000 	C:\Windows\System32\msvcp_win.dll
0x00007ffeb07e0000 - 0x00007ffeb08e0000 	C:\Windows\System32\ucrtbase.dll
0x00007ffe8eea0000 - 0x00007ffe8f13a000 	C:\Windows\WinSxS\amd64_microsoft.windows.common-controls_6595b64144ccf1df_6.0.19041.1110_none_60b5254171f9507e\COMCTL32.dll
0x00007ffeb12f0000 - 0x00007ffeb1320000 	C:\Windows\System32\IMM32.DLL
0x00007ffea7e60000 - 0x00007ffea7f4f000 	C:\Users\dinhph\.jdks\corretto-1.8.0_302\jre\bin\msvcr120.dll
0x00007ffea7db0000 - 0x00007ffea7e56000 	C:\Users\dinhph\.jdks\corretto-1.8.0_302\jre\bin\msvcp120.dll
0x0000000065d50000 - 0x00000000665c0000 	C:\Users\dinhph\.jdks\corretto-1.8.0_302\jre\bin\server\jvm.dll
0x00007ffeb19d0000 - 0x00007ffeb19d8000 	C:\Windows\System32\PSAPI.DLL
0x00007ffeaa630000 - 0x00007ffeaa639000 	C:\Windows\SYSTEM32\WSOCK32.dll
0x00007ffeb23f0000 - 0x00007ffeb245b000 	C:\Windows\System32\WS2_32.dll
0x00007ffe7f560000 - 0x00007ffe7f587000 	C:\Windows\SYSTEM32\WINMM.dll
0x00007ffea3410000 - 0x00007ffea341a000 	C:\Windows\SYSTEM32\VERSION.dll
0x00007ffeae240000 - 0x00007ffeae24f000 	C:\Users\dinhph\.jdks\corretto-1.8.0_302\jre\bin\verify.dll
0x00007ffeaa0f0000 - 0x00007ffeaa119000 	C:\Users\dinhph\.jdks\corretto-1.8.0_302\jre\bin\java.dll
0x00007ffea7cb0000 - 0x00007ffea7cda000 	C:\Users\dinhph\.jdks\corretto-1.8.0_302\jre\bin\instrument.dll
0x00007ffea9590000 - 0x00007ffea95a6000 	C:\Users\dinhph\.jdks\corretto-1.8.0_302\jre\bin\zip.dll
0x00007ffeb2630000 - 0x00007ffeb2d6f000 	C:\Windows\System32\SHELL32.dll
0x00007ffeae5f0000 - 0x00007ffeaed80000 	C:\Windows\SYSTEM32\windows.storage.dll
0x00007ffeb14c0000 - 0x00007ffeb1815000 	C:\Windows\System32\combase.dll
0x00007ffeafe50000 - 0x00007ffeafe7c000 	C:\Windows\SYSTEM32\Wldp.dll
0x00007ffeb1240000 - 0x00007ffeb12ee000 	C:\Windows\System32\SHCORE.dll
0x00007ffeb25d0000 - 0x00007ffeb2625000 	C:\Windows\System32\shlwapi.dll
0x00007ffeb0410000 - 0x00007ffeb042f000 	C:\Windows\SYSTEM32\profapi.dll
0x00007ffea7c20000 - 0x00007ffea7c3a000 	C:\Program Files\JetBrains\IntelliJ IDEA 2021.2.2\bin\breakgen64.dll
0x00007ffea94f0000 - 0x00007ffea950a000 	C:\Users\dinhph\.jdks\corretto-1.8.0_302\jre\bin\net.dll
0x00007ffeafbb0000 - 0x00007ffeafc1a000 	C:\Windows\system32\mswsock.dll
0x00007ffeadcb0000 - 0x00007ffeadcbd000 	C:\Users\dinhph\.jdks\corretto-1.8.0_302\jre\bin\management.dll
0x00007ffe895b0000 - 0x00007ffe895c7000 	C:\Windows\system32\napinsp.dll
0x00007ffe89590000 - 0x00007ffe895ab000 	C:\Windows\system32\pnrpnsp.dll
0x00007ffe9ab70000 - 0x00007ffe9ab85000 	C:\Windows\system32\wshbth.dll
0x00007ffea4b20000 - 0x00007ffea4b3d000 	C:\Windows\system32\NLAapi.dll
0x00007ffeaf8a0000 - 0x00007ffeaf8db000 	C:\Windows\SYSTEM32\IPHLPAPI.DLL
0x00007ffeaf8e0000 - 0x00007ffeaf9ac000 	C:\Windows\SYSTEM32\DNSAPI.dll
0x00007ffeb24f0000 - 0x00007ffeb24f8000 	C:\Windows\System32\NSI.dll
0x00007ffe89570000 - 0x00007ffe89582000 	C:\Windows\System32\winrnr.dll
0x00007ffea9c80000 - 0x00007ffea9c8a000 	C:\Windows\System32\rasadhlp.dll
0x00007ffea59d0000 - 0x00007ffea5a4f000 	C:\Windows\System32\fwpuclnt.dll
0x00007ffeb0600000 - 0x00007ffeb0627000 	C:\Windows\System32\bcrypt.dll
0x00007ffea7c60000 - 0x00007ffea7c72000 	C:\Users\dinhph\.jdks\corretto-1.8.0_302\jre\bin\nio.dll
0x00007ffeafda0000 - 0x00007ffeafdb8000 	C:\Windows\SYSTEM32\CRYPTSP.dll
0x00007ffeaf530000 - 0x00007ffeaf564000 	C:\Windows\system32\rsaenh.dll
0x00007ffeb0360000 - 0x00007ffeb038e000 	C:\Windows\SYSTEM32\USERENV.dll
0x00007ffeb0cc0000 - 0x00007ffeb0d43000 	C:\Windows\System32\bcryptprimitives.dll
0x00007ffeafdc0000 - 0x00007ffeafdcc000 	C:\Windows\SYSTEM32\CRYPTBASE.dll
0x00007ffea62c0000 - 0x00007ffea62d7000 	C:\Windows\SYSTEM32\dhcpcsvc6.DLL
0x00007ffea62a0000 - 0x00007ffea62bd000 	C:\Windows\SYSTEM32\dhcpcsvc.DLL
0x00007ffea7bf0000 - 0x00007ffea7c13000 	C:\Users\dinhph\.jdks\corretto-1.8.0_302\jre\bin\sunec.dll
0x00007ffea7be0000 - 0x00007ffea7bec000 	C:\Users\dinhph\.jdks\corretto-1.8.0_302\jre\bin\sunmscapi.dll
0x00007ffeb0630000 - 0x00007ffeb0786000 	C:\Windows\System32\CRYPT32.dll
0x00007ffeafec0000 - 0x00007ffeafee7000 	C:\Windows\SYSTEM32\ncrypt.dll
0x00007ffeafe80000 - 0x00007ffeafebb000 	C:\Windows\SYSTEM32\NTASN1.dll

VM Arguments:
jvm_args: -javaagent:C:\Program Files\JetBrains\IntelliJ IDEA 2021.2.2\lib\idea_rt.jar=56781:C:\Program Files\JetBrains\IntelliJ IDEA 2021.2.2\bin -Dfile.encoding=UTF-8 
java_command: com.example.demo.DemoApplication
java_class_path (initial): C:\Users\dinhph\.jdks\corretto-1.8.0_302\jre\lib\charsets.jar;C:\Users\dinhph\.jdks\corretto-1.8.0_302\jre\lib\ext\access-bridge-64.jar;C:\Users\dinhph\.jdks\corretto-1.8.0_302\jre\lib\ext\cldrdata.jar;C:\Users\dinhph\.jdks\corretto-1.8.0_302\jre\lib\ext\dnsns.jar;C:\Users\dinhph\.jdks\corretto-1.8.0_302\jre\lib\ext\jaccess.jar;C:\Users\dinhph\.jdks\corretto-1.8.0_302\jre\lib\ext\jfxrt.jar;C:\Users\dinhph\.jdks\corretto-1.8.0_302\jre\lib\ext\localedata.jar;C:\Users\dinhph\.jdks\corretto-1.8.0_302\jre\lib\ext\nashorn.jar;C:\Users\dinhph\.jdks\corretto-1.8.0_302\jre\lib\ext\sunec.jar;C:\Users\dinhph\.jdks\corretto-1.8.0_302\jre\lib\ext\sunjce_provider.jar;C:\Users\dinhph\.jdks\corretto-1.8.0_302\jre\lib\ext\sunmscapi.jar;C:\Users\dinhph\.jdks\corretto-1.8.0_302\jre\lib\ext\sunpkcs11.jar;C:\Users\dinhph\.jdks\corretto-1.8.0_302\jre\lib\ext\zipfs.jar;C:\Users\dinhph\.jdks\corretto-1.8.0_302\jre\lib\jce.jar;C:\Users\dinhph\.jdks\corretto-1.8.0_302\jre\lib\jfr.jar;C:\Users\dinhph\.jdks\corretto-1.8.0_302\jre\lib\jfxswt.jar;C:\Users\dinhph\.jdks\corretto-1.8.0_302\jre\lib\jsse.jar;C:\Users\dinhph\.jdks\corretto-1.8.0_302\jre\lib\management-agent.jar;C:\Users\dinhph\.jdks\corretto-1.8.0_302\jre\lib\resources.jar;C:\Users\dinhph\.jdks\corretto-1.8.0_302\jre\lib\rt.jar;C:\Users\dinhph\Desktop\quickstart-spring-data-jpa-sql-server-master\target\classes;C:\Users\dinhph\.m2\repository\org\springframework\boot\spring-boot-starter-data-jpa\2.3.1.RELEASE\spring-boot-starter-data-jpa-2.3.1.RELEASE.jar;C:\Users\dinhph\.m2\repository\org\springframework\boot\spring-boot-starter-aop\2.3.1.RELEASE\spring-boot-starter-aop-2.3.1.RELEASE.jar;C:\Users\dinhph\.m2\repository\org\springframework\spring-aop\5.2.7.RELEASE\spring-aop-5.2.7.RELEASE.jar;C:\Users\dinhph\.m2\repository\org\aspectj\aspectjweaver\1.9.5\aspectjweaver-1.9.5.jar;C:\Users\dinhph\.m2\repository\org\springframework\boot\spring-boot-starter-jdbc\2.3.1.RELEASE\spring-boot-starter-jdbc-2.3.1.RELEASE
Launcher Type: SUN_STANDARD

Environment Variables:
PATH=C:\Windows\system32;C:\Windows;C:\Windows\System32\Wbem;C:\Windows\System32\WindowsPowerShell\v1.0\;C:\Windows\System32\OpenSSH\;C:\Program Files (x86)\Microsoft SQL Server\150\DTS\Binn\;C:\Program Files\Azure Data Studio\bin;C:\Users\dinhph\AppData\Local\Microsoft\WindowsApps;;C:\Program Files\Azure Data Studio\bin
USERNAME=dinhph
OS=Windows_NT
PROCESSOR_IDENTIFIER=Intel64 Family 6 Model 63 Stepping 2, GenuineIntel



---------------  S Y S T E M  ---------------

OS: Windows 10.0 , 64 bit Build 19041 (10.0.19041.1202)

CPU:total 2 (initial active 2) (2 cores per cpu, 1 threads per core) family 6 model 63 stepping 2, cmov, cx8, fxsr, mmx, sse, sse2, sse3, ssse3, sse4.1, sse4.2, popcnt, avx, avx2, aes, clmul, erms, lzcnt, tsc, bmi1, bmi2

Memory: 4k page, physical 4193224k(270436k free), swap 5241540k(0k free)

vm_info: OpenJDK 64-Bit Server VM (25.302-b08) for windows-amd64 JRE (1.8.0_302-b08), built on Jul 15 2021 19:37:21 by "Administrator" with MS VC++ 12.0 (VS2013)

time: Fri Sep 17 12:00:09 2021
timezone: Coordinated Universal Time
elapsed time: 54.542810 seconds (0d 0h 0m 54s)

